2013-10-15 18:37:04.134 HelloWorld[33703:c07] Multi-tasking -> Device: YES, App: YES
2013-10-15 18:37:04.358 HelloWorld[33703:c07] Resetting plugins due to page load.
2013-10-15 18:37:04.445 HelloWorld[33703:c07] Finished load of: file:///Users/fjoffray/Library/Application%20Support/iPhone%20Simulator/6.1/Applications/7E7626B6-5312-4FDC-BA7C-16A7953FB0A0/HelloWorld.app/www/index.html
2013-10-16 09:56:49.081 HelloWorld[39531:c07] Multi-tasking -> Device: YES, App: YES
2013-10-16 09:56:49.344 HelloWorld[39531:c07] Resetting plugins due to page load.
2013-10-16 09:56:49.434 HelloWorld[39531:c07] Finished load of: file:///Users/fjoffray/Library/Application%20Support/iPhone%20Simulator/6.1/Applications/2A621789-1DC2-43B1-B633-685FCD62BB56/HelloWorld.app/www/index.html
2013-10-16 10:21:41.827 HelloWorld[40171:c07] Multi-tasking -> Device: YES, App: YES
2013-10-16 10:21:41.875 HelloWorld[40171:c07] Resetting plugins due to page load.
2013-10-16 10:21:41.923 HelloWorld[40171:c07] Finished load of: file:///Users/fjoffray/Library/Application%20Support/iPhone%20Simulator/6.1/Applications/30065CFA-8FC0-4979-A5D7-EE57BA6133FB/HelloWorld.app/www/index.html
2013-10-16 10:30:06.148 HelloWorld[40730:c07] Multi-tasking -> Device: YES, App: YES
2013-10-16 10:30:06.179 HelloWorld[40730:c07] Resetting plugins due to page load.
2013-10-16 10:30:06.225 HelloWorld[40730:c07] Finished load of: file:///Users/fjoffray/Library/Application%20Support/iPhone%20Simulator/6.1/Applications/30065CFA-8FC0-4979-A5D7-EE57BA6133FB/HelloWorld.app/www/index.html
2013-10-16 10:31:21.396 HelloWorld[41247:c07] Multi-tasking -> Device: YES, App: YES
2013-10-16 10:31:21.424 HelloWorld[41247:c07] Resetting plugins due to page load.
2013-10-16 10:31:21.463 HelloWorld[41247:c07] Finished load of: file:///Users/fjoffray/Library/Application%20Support/iPhone%20Simulator/6.1/Applications/30065CFA-8FC0-4979-A5D7-EE57BA6133FB/HelloWorld.app/www/index.html
2013-10-16 10:54:03.274 HelloWorld[41894:c07] Multi-tasking -> Device: YES, App: YES
2013-10-16 10:54:03.305 HelloWorld[41894:c07] Resetting plugins due to page load.
2013-10-16 10:54:03.354 HelloWorld[41894:c07] Finished load of: file:///Users/fjoffray/Library/Application%20Support/iPhone%20Simulator/6.1/Applications/30065CFA-8FC0-4979-A5D7-EE57BA6133FB/HelloWorld.app/www/index.html
2013-10-16 10:55:45.285 HelloWorld[42412:c07] Multi-tasking -> Device: YES, App: YES
2013-10-16 10:55:45.314 HelloWorld[42412:c07] Resetting plugins due to page load.
2013-10-16 10:55:45.353 HelloWorld[42412:c07] Finished load of: file:///Users/fjoffray/Library/Application%20Support/iPhone%20Simulator/6.1/Applications/30065CFA-8FC0-4979-A5D7-EE57BA6133FB/HelloWorld.app/www/index.html
2013-10-16 12:14:13.237 HelloWorld[43402:c07] Multi-tasking -> Device: YES, App: YES
2013-10-16 12:14:13.266 HelloWorld[43402:c07] Resetting plugins due to page load.
2013-10-16 12:14:13.309 HelloWorld[43402:c07] Finished load of: file:///Users/fjoffray/Library/Application%20Support/iPhone%20Simulator/6.1/Applications/30065CFA-8FC0-4979-A5D7-EE57BA6133FB/HelloWorld.app/www/index.html
2013-10-16 12:18:21.339 HelloWorld[43938:c07] Multi-tasking -> Device: YES, App: YES
2013-10-16 12:18:21.372 HelloWorld[43938:c07] Resetting plugins due to page load.
2013-10-16 12:18:21.418 HelloWorld[43938:c07] Finished load of: file:///Users/fjoffray/Library/Application%20Support/iPhone%20Simulator/6.1/Applications/30065CFA-8FC0-4979-A5D7-EE57BA6133FB/HelloWorld.app/www/index.html
2013-10-16 12:49:27.045 HelloWorld[44673:c07] Multi-tasking -> Device: YES, App: YES
2013-10-16 12:49:27.078 HelloWorld[44673:c07] Resetting plugins due to page load.
2013-10-16 12:49:27.132 HelloWorld[44673:c07] Finished load of: file:///Users/fjoffray/Library/Application%20Support/iPhone%20Simulator/6.1/Applications/30065CFA-8FC0-4979-A5D7-EE57BA6133FB/HelloWorld.app/www/index.html
2013-10-16 12:51:32.799 HelloWorld[45200:c07] Multi-tasking -> Device: YES, App: YES
2013-10-16 12:51:32.828 HelloWorld[45200:c07] Resetting plugins due to page load.
2013-10-16 12:51:32.871 HelloWorld[45200:c07] Finished load of: file:///Users/fjoffray/Library/Application%20Support/iPhone%20Simulator/6.1/Applications/30065CFA-8FC0-4979-A5D7-EE57BA6133FB/HelloWorld.app/www/index.html
2013-10-16 12:53:10.215 HelloWorld[45723:c07] Multi-tasking -> Device: YES, App: YES
2013-10-16 12:53:10.243 HelloWorld[45723:c07] Resetting plugins due to page load.
2013-10-16 12:53:10.283 HelloWorld[45723:c07] Finished load of: file:///Users/fjoffray/Library/Application%20Support/iPhone%20Simulator/6.1/Applications/30065CFA-8FC0-4979-A5D7-EE57BA6133FB/HelloWorld.app/www/index.html
2013-10-16 12:59:43.925 HelloWorld[46282:c07] Multi-tasking -> Device: YES, App: YES
2013-10-16 12:59:43.955 HelloWorld[46282:c07] Resetting plugins due to page load.
2013-10-16 12:59:44.012 HelloWorld[46282:c07] Finished load of: file:///Users/fjoffray/Library/Application%20Support/iPhone%20Simulator/6.1/Applications/30065CFA-8FC0-4979-A5D7-EE57BA6133FB/HelloWorld.app/www/index.html
2013-10-16 13:12:24.995 HelloWorld[47158:c07] Multi-tasking -> Device: YES, App: YES
2013-10-16 13:12:25.024 HelloWorld[47158:c07] Resetting plugins due to page load.
2013-10-16 13:12:25.086 HelloWorld[47158:c07] Finished load of: file:///Users/fjoffray/Library/Application%20Support/iPhone%20Simulator/6.1/Applications/30065CFA-8FC0-4979-A5D7-EE57BA6133FB/HelloWorld.app/www/index.html
2013-10-16 13:13:08.707 HelloWorld[47674:c07] Multi-tasking -> Device: YES, App: YES
2013-10-16 13:13:08.734 HelloWorld[47674:c07] Resetting plugins due to page load.
2013-10-16 13:13:08.789 HelloWorld[47674:c07] Finished load of: file:///Users/fjoffray/Library/Application%20Support/iPhone%20Simulator/6.1/Applications/30065CFA-8FC0-4979-A5D7-EE57BA6133FB/HelloWorld.app/www/index.html
2013-10-16 13:15:15.361 HelloWorld[48209:c07] Multi-tasking -> Device: YES, App: YES
2013-10-16 13:15:15.391 HelloWorld[48209:c07] Resetting plugins due to page load.
2013-10-16 13:15:15.451 HelloWorld[48209:c07] Finished load of: file:///Users/fjoffray/Library/Application%20Support/iPhone%20Simulator/6.1/Applications/30065CFA-8FC0-4979-A5D7-EE57BA6133FB/HelloWorld.app/www/index.html
2013-10-16 13:20:51.293 NEScollector[49009:c07] Multi-tasking -> Device: YES, App: YES
2013-10-16 13:20:51.401 NEScollector[49009:c07] Resetting plugins due to page load.
2013-10-16 13:20:51.455 NEScollector[49009:c07] Finished load of: file:///Users/fjoffray/Library/Application%20Support/iPhone%20Simulator/6.1/Applications/6DBF3CFD-41F8-4275-8C3F-E59FDAD20310/NEScollector.app/www/index.html
2013-10-16 13:22:45.950 NEScollector[49534:c07] Multi-tasking -> Device: YES, App: YES
2013-10-16 13:22:45.980 NEScollector[49534:c07] Resetting plugins due to page load.
2013-10-16 13:22:46.040 NEScollector[49534:c07] Finished load of: file:///Users/fjoffray/Library/Application%20Support/iPhone%20Simulator/6.1/Applications/6DBF3CFD-41F8-4275-8C3F-E59FDAD20310/NEScollector.app/www/index.html
2013-10-16 13:23:16.980 NEScollector[50054:c07] Multi-tasking -> Device: YES, App: YES
2013-10-16 13:23:17.009 NEScollector[50054:c07] Resetting plugins due to page load.
2013-10-16 13:23:17.061 NEScollector[50054:c07] Finished load of: file:///Users/fjoffray/Library/Application%20Support/iPhone%20Simulator/6.1/Applications/6DBF3CFD-41F8-4275-8C3F-E59FDAD20310/NEScollector.app/www/index.html
2013-10-16 13:23:55.473 NEScollector[50569:c07] Multi-tasking -> Device: YES, App: YES
2013-10-16 13:23:55.501 NEScollector[50569:c07] Resetting plugins due to page load.
2013-10-16 13:23:55.556 NEScollector[50569:c07] Finished load of: file:///Users/fjoffray/Library/Application%20Support/iPhone%20Simulator/6.1/Applications/6DBF3CFD-41F8-4275-8C3F-E59FDAD20310/NEScollector.app/www/index.html
2013-10-16 13:25:32.311 NEScollector[51094:c07] Multi-tasking -> Device: YES, App: YES
2013-10-16 13:25:32.341 NEScollector[51094:c07] Resetting plugins due to page load.
2013-10-16 13:25:32.398 NEScollector[51094:c07] Finished load of: file:///Users/fjoffray/Library/Application%20Support/iPhone%20Simulator/6.1/Applications/6DBF3CFD-41F8-4275-8C3F-E59FDAD20310/NEScollector.app/www/index.html
2013-10-16 13:27:56.787 NEScollector[51633:c07] Multi-tasking -> Device: YES, App: YES
2013-10-16 13:27:56.820 NEScollector[51633:c07] Resetting plugins due to page load.
2013-10-16 13:27:56.878 NEScollector[51633:c07] Finished load of: file:///Users/fjoffray/Library/Application%20Support/iPhone%20Simulator/6.1/Applications/6DBF3CFD-41F8-4275-8C3F-E59FDAD20310/NEScollector.app/www/index.html
2013-10-16 13:28:27.614 NEScollector[52150:c07] Multi-tasking -> Device: YES, App: YES
2013-10-16 13:28:27.643 NEScollector[52150:c07] Resetting plugins due to page load.
2013-10-16 13:28:27.699 NEScollector[52150:c07] Finished load of: file:///Users/fjoffray/Library/Application%20Support/iPhone%20Simulator/6.1/Applications/6DBF3CFD-41F8-4275-8C3F-E59FDAD20310/NEScollector.app/www/index.html
2013-10-16 13:33:05.914 NEScollector[52691:c07] Multi-tasking -> Device: YES, App: YES
2013-10-16 13:33:05.944 NEScollector[52691:c07] Resetting plugins due to page load.
2013-10-16 13:33:06.003 NEScollector[52691:c07] Finished load of: file:///Users/fjoffray/Library/Application%20Support/iPhone%20Simulator/6.1/Applications/6DBF3CFD-41F8-4275-8C3F-E59FDAD20310/NEScollector.app/www/index.html
2013-10-16 13:33:34.334 NEScollector[53208:c07] Multi-tasking -> Device: YES, App: YES
2013-10-16 13:33:34.365 NEScollector[53208:c07] Resetting plugins due to page load.
2013-10-16 13:33:34.414 NEScollector[53208:c07] Finished load of: file:///Users/fjoffray/Library/Application%20Support/iPhone%20Simulator/6.1/Applications/6DBF3CFD-41F8-4275-8C3F-E59FDAD20310/NEScollector.app/www/index.html
2013-10-16 13:34:38.260 NEScollector[53726:c07] Multi-tasking -> Device: YES, App: YES
2013-10-16 13:34:38.292 NEScollector[53726:c07] Resetting plugins due to page load.
2013-10-16 13:34:38.350 NEScollector[53726:c07] Finished load of: file:///Users/fjoffray/Library/Application%20Support/iPhone%20Simulator/6.1/Applications/6DBF3CFD-41F8-4275-8C3F-E59FDAD20310/NEScollector.app/www/index.html
2013-10-16 13:35:17.920 NEScollector[54243:c07] Multi-tasking -> Device: YES, App: YES
2013-10-16 13:35:17.950 NEScollector[54243:c07] Resetting plugins due to page load.
2013-10-16 13:35:18.000 NEScollector[54243:c07] Finished load of: file:///Users/fjoffray/Library/Application%20Support/iPhone%20Simulator/6.1/Applications/6DBF3CFD-41F8-4275-8C3F-E59FDAD20310/NEScollector.app/www/index.html
2013-10-16 13:36:36.278 NEScollector[54764:c07] Multi-tasking -> Device: YES, App: YES
2013-10-16 13:36:36.307 NEScollector[54764:c07] Resetting plugins due to page load.
2013-10-16 13:36:36.361 NEScollector[54764:c07] Finished load of: file:///Users/fjoffray/Library/Application%20Support/iPhone%20Simulator/6.1/Applications/6DBF3CFD-41F8-4275-8C3F-E59FDAD20310/NEScollector.app/www/index.html
2013-10-16 13:36:58.409 NEScollector[55280:c07] Multi-tasking -> Device: YES, App: YES
2013-10-16 13:36:58.440 NEScollector[55280:c07] Resetting plugins due to page load.
2013-10-16 13:36:58.492 NEScollector[55280:c07] Finished load of: file:///Users/fjoffray/Library/Application%20Support/iPhone%20Simulator/6.1/Applications/6DBF3CFD-41F8-4275-8C3F-E59FDAD20310/NEScollector.app/www/index.html
2013-10-16 13:37:36.447 NEScollector[55796:c07] Multi-tasking -> Device: YES, App: YES
2013-10-16 13:37:36.477 NEScollector[55796:c07] Resetting plugins due to page load.
2013-10-16 13:37:36.549 NEScollector[55796:c07] Finished load of: file:///Users/fjoffray/Library/Application%20Support/iPhone%20Simulator/6.1/Applications/6DBF3CFD-41F8-4275-8C3F-E59FDAD20310/NEScollector.app/www/index.html
2013-10-16 13:40:06.534 NEScollector[56326:c07] Multi-tasking -> Device: YES, App: YES
2013-10-16 13:40:06.565 NEScollector[56326:c07] Resetting plugins due to page load.
2013-10-16 13:40:06.628 NEScollector[56326:c07] Finished load of: file:///Users/fjoffray/Library/Application%20Support/iPhone%20Simulator/6.1/Applications/6DBF3CFD-41F8-4275-8C3F-E59FDAD20310/NEScollector.app/www/index.html
2013-10-16 13:41:39.858 NEScollector[56852:c07] Multi-tasking -> Device: YES, App: YES
2013-10-16 13:41:39.886 NEScollector[56852:c07] Resetting plugins due to page load.
2013-10-16 13:41:39.934 NEScollector[56852:c07] Finished load of: file:///Users/fjoffray/Library/Application%20Support/iPhone%20Simulator/6.1/Applications/6DBF3CFD-41F8-4275-8C3F-E59FDAD20310/NEScollector.app/www/index.html
2013-10-16 13:44:29.665 NEScollector[57496:c07] Multi-tasking -> Device: YES, App: YES
2013-10-16 13:44:29.704 NEScollector[57496:c07] Resetting plugins due to page load.
2013-10-16 13:44:29.767 NEScollector[57496:c07] Finished load of: file:///Users/fjoffray/Library/Application%20Support/iPhone%20Simulator/6.1/Applications/6DBF3CFD-41F8-4275-8C3F-E59FDAD20310/NEScollector.app/www/index.html
2013-10-16 15:13:29.849 NEScollector[58815:c07] Multi-tasking -> Device: YES, App: YES
2013-10-16 15:13:29.880 NEScollector[58815:c07] Resetting plugins due to page load.
2013-10-16 15:13:29.942 NEScollector[58815:c07] Finished load of: file:///Users/fjoffray/Library/Application%20Support/iPhone%20Simulator/6.1/Applications/6DBF3CFD-41F8-4275-8C3F-E59FDAD20310/NEScollector.app/www/index.html
2013-10-16 15:13:36.376 NEScollector[58815:2703] ERROR whitelist rejection: url='http://i.ebayimg.com/24/!!e!VZ3wEGM~$(KGrHqQOKj!E0,KjylPeBNP4Z(KKQQ~~_6.JPG?set_id=89040003C1'
2013-10-16 15:13:36.376 NEScollector[58815:2703] ERROR whitelist rejection: url='http://i.ebayimg.com/24/!!e!VZ3wEGM~$(KGrHqQOKj!E0,KjylPeBNP4Z(KKQQ~~_6.JPG?set_id=89040003C1'
2013-10-16 15:13:36.376 NEScollector[58815:2703] ERROR whitelist rejection: url='http://i.ebayimg.com/24/!!e!VZ3wEGM~$(KGrHqQOKj!E0,KjylPeBNP4Z(KKQQ~~_6.JPG?set_id=89040003C1'
2013-10-16 15:13:36.377 NEScollector[58815:2703] ERROR whitelist rejection: url='http://i.ebayimg.com/10/!!e!Tt3g!mM~$(KGrHqF,!isE0Fyk7uO(BNP2LOIKPg~~_6.JPG?set_id=89040003C1'
2013-10-16 15:13:36.377 NEScollector[58815:2703] ERROR whitelist rejection: url='http://i.ebayimg.com/10/!!e!Tt3g!mM~$(KGrHqF,!isE0Fyk7uO(BNP2LOIKPg~~_6.JPG?set_id=89040003C1'
2013-10-16 15:13:36.377 NEScollector[58815:2703] ERROR whitelist rejection: url='http://i.ebayimg.com/10/!!e!Tt3g!mM~$(KGrHqF,!isE0Fyk7uO(BNP2LOIKPg~~_6.JPG?set_id=89040003C1'
2013-10-16 15:13:36.378 NEScollector[58815:2703] ERROR whitelist rejection: url='http://i.ebayimg.com/03/!!e!UB2gBGM~$(KGrHqV,!g0E0eoM+HssBNP2v+hgLg~~_6.JPG?set_id=89040003C1'
2013-10-16 15:13:36.378 NEScollector[58815:2703] ERROR whitelist rejection: url='http://i.ebayimg.com/03/!!e!UB2gBGM~$(KGrHqV,!g0E0eoM+HssBNP2v+hgLg~~_6.JPG?set_id=89040003C1'
2013-10-16 15:13:36.379 NEScollector[58815:2703] ERROR whitelist rejection: url='http://i.ebayimg.com/03/!!e!UB2gBGM~$(KGrHqV,!g0E0eoM+HssBNP2v+hgLg~~_6.JPG?set_id=89040003C1'
2013-10-16 15:13:36.379 NEScollector[58815:2703] ERROR whitelist rejection: url='http://i.ebayimg.com/19/!!e!T-Y!BmM~$(KGrHqN,!jkE0C2Pdz7dBNP2pu7Um!~~_6.JPG?set_id=89040003C1'
2013-10-16 15:13:36.379 NEScollector[58815:2703] ERROR whitelist rejection: url='http://i.ebayimg.com/19/!!e!T-Y!BmM~$(KGrHqN,!jkE0C2Pdz7dBNP2pu7Um!~~_6.JPG?set_id=89040003C1'
2013-10-16 15:13:36.380 NEScollector[58815:2703] ERROR whitelist rejection: url='http://i.ebayimg.com/19/!!e!T-Y!BmM~$(KGrHqN,!jkE0C2Pdz7dBNP2pu7Um!~~_6.JPG?set_id=89040003C1'
2013-10-16 15:13:36.380 NEScollector[58815:2703] ERROR whitelist rejection: url='http://i.ebayimg.com/15/!!eB(e,gEWM~$(KGrHqV,!hEE0gg7CBHtBNQpZjQEjg~~_6.JPG?set_id=89040003C1'
2013-10-16 15:13:36.380 NEScollector[58815:2703] ERROR whitelist rejection: url='http://i.ebayimg.com/15/!!eB(e,gEWM~$(KGrHqV,!hEE0gg7CBHtBNQpZjQEjg~~_6.JPG?set_id=89040003C1'
2013-10-16 15:13:36.381 NEScollector[58815:2703] ERROR whitelist rejection: url='http://i.ebayimg.com/15/!!eB(e,gEWM~$(KGrHqV,!hEE0gg7CBHtBNQpZjQEjg~~_6.JPG?set_id=89040003C1'
2013-10-16 15:13:36.381 NEScollector[58815:2703] ERROR whitelist rejection: url='http://i.ebayimg.com/17/!!eB((GQCGM~$(KGrHqN,!jUE0C-NGyDFBNQpWEs1K!~~_6.JPG?set_id=89040003C1'
2013-10-16 15:13:36.382 NEScollector[58815:2703] ERROR whitelist rejection: url='http://i.ebayimg.com/17/!!eB((GQCGM~$(KGrHqN,!jUE0C-NGyDFBNQpWEs1K!~~_6.JPG?set_id=89040003C1'
2013-10-16 15:13:36.382 NEScollector[58815:2703] ERROR whitelist rejection: url='http://i.ebayimg.com/17/!!eB((GQCGM~$(KGrHqN,!jUE0C-NGyDFBNQpWEs1K!~~_6.JPG?set_id=89040003C1'
2013-10-16 15:13:36.382 NEScollector[58815:2703] ERROR whitelist rejection: url='http://i.ebayimg.com/08/!!e!TkogBGM~$(KGrHqUOKnIEz6TrDnSKBNP17ROTyw~~_6.JPG?set_id=89040003C1'
2013-10-16 15:13:36.383 NEScollector[58815:2703] ERROR whitelist rejection: url='http://i.ebayimg.com/08/!!e!TkogBGM~$(KGrHqUOKnIEz6TrDnSKBNP17ROTyw~~_6.JPG?set_id=89040003C1'
2013-10-16 15:13:36.383 NEScollector[58815:2703] ERROR whitelist rejection: url='http://i.ebayimg.com/08/!!e!TkogBGM~$(KGrHqUOKnIEz6TrDnSKBNP17ROTyw~~_6.JPG?set_id=89040003C1'
2013-10-16 15:13:36.384 NEScollector[58815:2703] ERROR whitelist rejection: url='http://i.ebayimg.com/24/!!e!UMEQ!mM~$(KGrHqJ,!lQEz+3tgWJ4BNP3!VlwPw~~_6.JPG?set_id=89040003C1'
2013-10-16 15:13:36.384 NEScollector[58815:2703] ERROR whitelist rejection: url='http://i.ebayimg.com/24/!!e!UMEQ!mM~$(KGrHqJ,!lQEz+3tgWJ4BNP3!VlwPw~~_6.JPG?set_id=89040003C1'
2013-10-16 15:13:36.384 NEScollector[58815:2703] ERROR whitelist rejection: url='http://i.ebayimg.com/24/!!e!UMEQ!mM~$(KGrHqJ,!lQEz+3tgWJ4BNP3!VlwPw~~_6.JPG?set_id=89040003C1'
2013-10-16 15:13:36.384 NEScollector[58815:2703] ERROR whitelist rejection: url='http://i.ebayimg.com/17/!!e!UVU!EWM~$(KGrHqZ,!hYE0fhM!K34BNP3K73OkQ~~_6.JPG?set_id=89040003C1'
2013-10-16 15:13:36.385 NEScollector[58815:2703] ERROR whitelist rejection: url='http://i.ebayimg.com/17/!!e!UVU!EWM~$(KGrHqZ,!hYE0fhM!K34BNP3K73OkQ~~_6.JPG?set_id=89040003C1'
2013-10-16 15:13:36.385 NEScollector[58815:2703] ERROR whitelist rejection: url='http://i.ebayimg.com/17/!!e!UVU!EWM~$(KGrHqZ,!hYE0fhM!K34BNP3K73OkQ~~_6.JPG?set_id=89040003C1'
2013-10-16 15:13:36.385 NEScollector[58815:2703] ERROR whitelist rejection: url='http://i.ebayimg.com/22/!!e!Tkng!2M~$(KGrHqUOKnQEz37H1e5mBNP17PnnZQ~~_6.JPG?set_id=89040003C1'
2013-10-16 15:13:36.386 NEScollector[58815:2703] ERROR whitelist rejection: url='http://i.ebayimg.com/22/!!e!Tkng!2M~$(KGrHqUOKnQEz37H1e5mBNP17PnnZQ~~_6.JPG?set_id=89040003C1'
2013-10-16 15:13:36.386 NEScollector[58815:2703] ERROR whitelist rejection: url='http://i.ebayimg.com/22/!!e!Tkng!2M~$(KGrHqUOKnQEz37H1e5mBNP17PnnZQ~~_6.JPG?set_id=89040003C1'
2013-10-16 15:14:18.158 NEScollector[59335:c07] Multi-tasking -> Device: YES, App: YES
2013-10-16 15:14:18.187 NEScollector[59335:c07] Resetting plugins due to page load.
2013-10-16 15:14:18.244 NEScollector[59335:c07] Finished load of: file:///Users/fjoffray/Library/Application%20Support/iPhone%20Simulator/6.1/Applications/6DBF3CFD-41F8-4275-8C3F-E59FDAD20310/NEScollector.app/www/index.html
2013-10-16 15:14:20.846 NEScollector[59335:2803] ERROR whitelist rejection: url='http://i.ebayimg.com/24/!!e!VZ3wEGM~$(KGrHqQOKj!E0,KjylPeBNP4Z(KKQQ~~_6.JPG?set_id=89040003C1'
2013-10-16 15:14:20.846 NEScollector[59335:2803] ERROR whitelist rejection: url='http://i.ebayimg.com/24/!!e!VZ3wEGM~$(KGrHqQOKj!E0,KjylPeBNP4Z(KKQQ~~_6.JPG?set_id=89040003C1'
2013-10-16 15:14:20.846 NEScollector[59335:2803] ERROR whitelist rejection: url='http://i.ebayimg.com/24/!!e!VZ3wEGM~$(KGrHqQOKj!E0,KjylPeBNP4Z(KKQQ~~_6.JPG?set_id=89040003C1'
2013-10-16 15:14:20.847 NEScollector[59335:2803] ERROR whitelist rejection: url='http://i.ebayimg.com/10/!!e!Tt3g!mM~$(KGrHqF,!isE0Fyk7uO(BNP2LOIKPg~~_6.JPG?set_id=89040003C1'
2013-10-16 15:14:20.847 NEScollector[59335:2803] ERROR whitelist rejection: url='http://i.ebayimg.com/10/!!e!Tt3g!mM~$(KGrHqF,!isE0Fyk7uO(BNP2LOIKPg~~_6.JPG?set_id=89040003C1'
2013-10-16 15:14:20.848 NEScollector[59335:2803] ERROR whitelist rejection: url='http://i.ebayimg.com/10/!!e!Tt3g!mM~$(KGrHqF,!isE0Fyk7uO(BNP2LOIKPg~~_6.JPG?set_id=89040003C1'
2013-10-16 15:14:20.848 NEScollector[59335:2803] ERROR whitelist rejection: url='http://i.ebayimg.com/03/!!e!UB2gBGM~$(KGrHqV,!g0E0eoM+HssBNP2v+hgLg~~_6.JPG?set_id=89040003C1'
2013-10-16 15:14:20.849 NEScollector[59335:2803] ERROR whitelist rejection: url='http://i.ebayimg.com/03/!!e!UB2gBGM~$(KGrHqV,!g0E0eoM+HssBNP2v+hgLg~~_6.JPG?set_id=89040003C1'
2013-10-16 15:14:20.849 NEScollector[59335:2803] ERROR whitelist rejection: url='http://i.ebayimg.com/03/!!e!UB2gBGM~$(KGrHqV,!g0E0eoM+HssBNP2v+hgLg~~_6.JPG?set_id=89040003C1'
2013-10-16 15:14:20.850 NEScollector[59335:2803] ERROR whitelist rejection: url='http://i.ebayimg.com/19/!!e!T-Y!BmM~$(KGrHqN,!jkE0C2Pdz7dBNP2pu7Um!~~_6.JPG?set_id=89040003C1'
2013-10-16 15:14:20.850 NEScollector[59335:2803] ERROR whitelist rejection: url='http://i.ebayimg.com/19/!!e!T-Y!BmM~$(KGrHqN,!jkE0C2Pdz7dBNP2pu7Um!~~_6.JPG?set_id=89040003C1'
2013-10-16 15:14:20.850 NEScollector[59335:2803] ERROR whitelist rejection: url='http://i.ebayimg.com/19/!!e!T-Y!BmM~$(KGrHqN,!jkE0C2Pdz7dBNP2pu7Um!~~_6.JPG?set_id=89040003C1'
2013-10-16 15:14:20.851 NEScollector[59335:2803] ERROR whitelist rejection: url='http://i.ebayimg.com/15/!!eB(e,gEWM~$(KGrHqV,!hEE0gg7CBHtBNQpZjQEjg~~_6.JPG?set_id=89040003C1'
2013-10-16 15:14:20.851 NEScollector[59335:2803] ERROR whitelist rejection: url='http://i.ebayimg.com/15/!!eB(e,gEWM~$(KGrHqV,!hEE0gg7CBHtBNQpZjQEjg~~_6.JPG?set_id=89040003C1'
2013-10-16 15:14:20.851 NEScollector[59335:2803] ERROR whitelist rejection: url='http://i.ebayimg.com/15/!!eB(e,gEWM~$(KGrHqV,!hEE0gg7CBHtBNQpZjQEjg~~_6.JPG?set_id=89040003C1'
2013-10-16 15:14:20.852 NEScollector[59335:2803] ERROR whitelist rejection: url='http://i.ebayimg.com/17/!!eB((GQCGM~$(KGrHqN,!jUE0C-NGyDFBNQpWEs1K!~~_6.JPG?set_id=89040003C1'
2013-10-16 15:14:20.852 NEScollector[59335:2803] ERROR whitelist rejection: url='http://i.ebayimg.com/17/!!eB((GQCGM~$(KGrHqN,!jUE0C-NGyDFBNQpWEs1K!~~_6.JPG?set_id=89040003C1'
2013-10-16 15:14:20.853 NEScollector[59335:2803] ERROR whitelist rejection: url='http://i.ebayimg.com/17/!!eB((GQCGM~$(KGrHqN,!jUE0C-NGyDFBNQpWEs1K!~~_6.JPG?set_id=89040003C1'
2013-10-16 15:14:20.853 NEScollector[59335:2803] ERROR whitelist rejection: url='http://i.ebayimg.com/08/!!e!TkogBGM~$(KGrHqUOKnIEz6TrDnSKBNP17ROTyw~~_6.JPG?set_id=89040003C1'
2013-10-16 15:14:20.854 NEScollector[59335:2803] ERROR whitelist rejection: url='http://i.ebayimg.com/08/!!e!TkogBGM~$(KGrHqUOKnIEz6TrDnSKBNP17ROTyw~~_6.JPG?set_id=89040003C1'
2013-10-16 15:14:20.854 NEScollector[59335:2803] ERROR whitelist rejection: url='http://i.ebayimg.com/08/!!e!TkogBGM~$(KGrHqUOKnIEz6TrDnSKBNP17ROTyw~~_6.JPG?set_id=89040003C1'
2013-10-16 15:14:20.855 NEScollector[59335:2803] ERROR whitelist rejection: url='http://i.ebayimg.com/24/!!e!UMEQ!mM~$(KGrHqJ,!lQEz+3tgWJ4BNP3!VlwPw~~_6.JPG?set_id=89040003C1'
2013-10-16 15:14:20.855 NEScollector[59335:2803] ERROR whitelist rejection: url='http://i.ebayimg.com/24/!!e!UMEQ!mM~$(KGrHqJ,!lQEz+3tgWJ4BNP3!VlwPw~~_6.JPG?set_id=89040003C1'
2013-10-16 15:14:20.855 NEScollector[59335:2803] ERROR whitelist rejection: url='http://i.ebayimg.com/24/!!e!UMEQ!mM~$(KGrHqJ,!lQEz+3tgWJ4BNP3!VlwPw~~_6.JPG?set_id=89040003C1'
2013-10-16 15:14:20.856 NEScollector[59335:2803] ERROR whitelist rejection: url='http://i.ebayimg.com/17/!!e!UVU!EWM~$(KGrHqZ,!hYE0fhM!K34BNP3K73OkQ~~_6.JPG?set_id=89040003C1'
2013-10-16 15:14:20.856 NEScollector[59335:2803] ERROR whitelist rejection: url='http://i.ebayimg.com/17/!!e!UVU!EWM~$(KGrHqZ,!hYE0fhM!K34BNP3K73OkQ~~_6.JPG?set_id=89040003C1'
2013-10-16 15:14:20.856 NEScollector[59335:2803] ERROR whitelist rejection: url='http://i.ebayimg.com/17/!!e!UVU!EWM~$(KGrHqZ,!hYE0fhM!K34BNP3K73OkQ~~_6.JPG?set_id=89040003C1'
2013-10-16 15:14:20.857 NEScollector[59335:2803] ERROR whitelist rejection: url='http://i.ebayimg.com/22/!!e!Tkng!2M~$(KGrHqUOKnQEz37H1e5mBNP17PnnZQ~~_6.JPG?set_id=89040003C1'
2013-10-16 15:14:20.857 NEScollector[59335:2803] ERROR whitelist rejection: url='http://i.ebayimg.com/22/!!e!Tkng!2M~$(KGrHqUOKnQEz37H1e5mBNP17PnnZQ~~_6.JPG?set_id=89040003C1'
2013-10-16 15:14:20.858 NEScollector[59335:2803] ERROR whitelist rejection: url='http://i.ebayimg.com/22/!!e!Tkng!2M~$(KGrHqUOKnQEz37H1e5mBNP17PnnZQ~~_6.JPG?set_id=89040003C1'
2013-10-16 15:15:34.994 NEScollector[59855:c07] Multi-tasking -> Device: YES, App: YES
2013-10-16 15:15:35.024 NEScollector[59855:c07] Resetting plugins due to page load.
2013-10-16 15:15:35.091 NEScollector[59855:c07] Finished load of: file:///Users/fjoffray/Library/Application%20Support/iPhone%20Simulator/6.1/Applications/6DBF3CFD-41F8-4275-8C3F-E59FDAD20310/NEScollector.app/www/index.html
2013-10-16 15:16:00.975 NEScollector[59855:2703] ERROR whitelist rejection: url='http://i.ebayimg.com/24/!!e!VZ3wEGM~$(KGrHqQOKj!E0,KjylPeBNP4Z(KKQQ~~_6.JPG?set_id=89040003C1'
2013-10-16 15:16:00.976 NEScollector[59855:2703] ERROR whitelist rejection: url='http://i.ebayimg.com/24/!!e!VZ3wEGM~$(KGrHqQOKj!E0,KjylPeBNP4Z(KKQQ~~_6.JPG?set_id=89040003C1'
2013-10-16 15:16:00.976 NEScollector[59855:2703] ERROR whitelist rejection: url='http://i.ebayimg.com/24/!!e!VZ3wEGM~$(KGrHqQOKj!E0,KjylPeBNP4Z(KKQQ~~_6.JPG?set_id=89040003C1'
2013-10-16 15:16:00.976 NEScollector[59855:2703] ERROR whitelist rejection: url='http://i.ebayimg.com/10/!!e!Tt3g!mM~$(KGrHqF,!isE0Fyk7uO(BNP2LOIKPg~~_6.JPG?set_id=89040003C1'
2013-10-16 15:16:00.977 NEScollector[59855:2703] ERROR whitelist rejection: url='http://i.ebayimg.com/10/!!e!Tt3g!mM~$(KGrHqF,!isE0Fyk7uO(BNP2LOIKPg~~_6.JPG?set_id=89040003C1'
2013-10-16 15:16:00.977 NEScollector[59855:2703] ERROR whitelist rejection: url='http://i.ebayimg.com/10/!!e!Tt3g!mM~$(KGrHqF,!isE0Fyk7uO(BNP2LOIKPg~~_6.JPG?set_id=89040003C1'
2013-10-16 15:16:00.977 NEScollector[59855:2703] ERROR whitelist rejection: url='http://i.ebayimg.com/03/!!e!UB2gBGM~$(KGrHqV,!g0E0eoM+HssBNP2v+hgLg~~_6.JPG?set_id=89040003C1'
2013-10-16 15:16:00.977 NEScollector[59855:2703] ERROR whitelist rejection: url='http://i.ebayimg.com/03/!!e!UB2gBGM~$(KGrHqV,!g0E0eoM+HssBNP2v+hgLg~~_6.JPG?set_id=89040003C1'
2013-10-16 15:16:00.978 NEScollector[59855:2703] ERROR whitelist rejection: url='http://i.ebayimg.com/03/!!e!UB2gBGM~$(KGrHqV,!g0E0eoM+HssBNP2v+hgLg~~_6.JPG?set_id=89040003C1'
2013-10-16 15:16:00.978 NEScollector[59855:2703] ERROR whitelist rejection: url='http://i.ebayimg.com/19/!!e!T-Y!BmM~$(KGrHqN,!jkE0C2Pdz7dBNP2pu7Um!~~_6.JPG?set_id=89040003C1'
2013-10-16 15:16:00.978 NEScollector[59855:2703] ERROR whitelist rejection: url='http://i.ebayimg.com/19/!!e!T-Y!BmM~$(KGrHqN,!jkE0C2Pdz7dBNP2pu7Um!~~_6.JPG?set_id=89040003C1'
2013-10-16 15:16:00.979 NEScollector[59855:2703] ERROR whitelist rejection: url='http://i.ebayimg.com/19/!!e!T-Y!BmM~$(KGrHqN,!jkE0C2Pdz7dBNP2pu7Um!~~_6.JPG?set_id=89040003C1'
2013-10-16 15:16:00.979 NEScollector[59855:2703] ERROR whitelist rejection: url='http://i.ebayimg.com/15/!!eB(e,gEWM~$(KGrHqV,!hEE0gg7CBHtBNQpZjQEjg~~_6.JPG?set_id=89040003C1'
2013-10-16 15:16:00.979 NEScollector[59855:2703] ERROR whitelist rejection: url='http://i.ebayimg.com/15/!!eB(e,gEWM~$(KGrHqV,!hEE0gg7CBHtBNQpZjQEjg~~_6.JPG?set_id=89040003C1'
2013-10-16 15:16:00.980 NEScollector[59855:2703] ERROR whitelist rejection: url='http://i.ebayimg.com/15/!!eB(e,gEWM~$(KGrHqV,!hEE0gg7CBHtBNQpZjQEjg~~_6.JPG?set_id=89040003C1'
2013-10-16 15:16:00.980 NEScollector[59855:2703] ERROR whitelist rejection: url='http://i.ebayimg.com/17/!!eB((GQCGM~$(KGrHqN,!jUE0C-NGyDFBNQpWEs1K!~~_6.JPG?set_id=89040003C1'
2013-10-16 15:16:00.980 NEScollector[59855:2703] ERROR whitelist rejection: url='http://i.ebayimg.com/17/!!eB((GQCGM~$(KGrHqN,!jUE0C-NGyDFBNQpWEs1K!~~_6.JPG?set_id=89040003C1'
2013-10-16 15:16:00.980 NEScollector[59855:2703] ERROR whitelist rejection: url='http://i.ebayimg.com/17/!!eB((GQCGM~$(KGrHqN,!jUE0C-NGyDFBNQpWEs1K!~~_6.JPG?set_id=89040003C1'
2013-10-16 15:16:00.981 NEScollector[59855:2703] ERROR whitelist rejection: url='http://i.ebayimg.com/08/!!e!TkogBGM~$(KGrHqUOKnIEz6TrDnSKBNP17ROTyw~~_6.JPG?set_id=89040003C1'
2013-10-16 15:16:00.981 NEScollector[59855:2703] ERROR whitelist rejection: url='http://i.ebayimg.com/08/!!e!TkogBGM~$(KGrHqUOKnIEz6TrDnSKBNP17ROTyw~~_6.JPG?set_id=89040003C1'
2013-10-16 15:16:00.981 NEScollector[59855:2703] ERROR whitelist rejection: url='http://i.ebayimg.com/08/!!e!TkogBGM~$(KGrHqUOKnIEz6TrDnSKBNP17ROTyw~~_6.JPG?set_id=89040003C1'
2013-10-16 15:16:00.982 NEScollector[59855:2703] ERROR whitelist rejection: url='http://i.ebayimg.com/24/!!e!UMEQ!mM~$(KGrHqJ,!lQEz+3tgWJ4BNP3!VlwPw~~_6.JPG?set_id=89040003C1'
2013-10-16 15:16:00.982 NEScollector[59855:2703] ERROR whitelist rejection: url='http://i.ebayimg.com/24/!!e!UMEQ!mM~$(KGrHqJ,!lQEz+3tgWJ4BNP3!VlwPw~~_6.JPG?set_id=89040003C1'
2013-10-16 15:16:00.982 NEScollector[59855:2703] ERROR whitelist rejection: url='http://i.ebayimg.com/24/!!e!UMEQ!mM~$(KGrHqJ,!lQEz+3tgWJ4BNP3!VlwPw~~_6.JPG?set_id=89040003C1'
2013-10-16 15:16:00.983 NEScollector[59855:2703] ERROR whitelist rejection: url='http://i.ebayimg.com/17/!!e!UVU!EWM~$(KGrHqZ,!hYE0fhM!K34BNP3K73OkQ~~_6.JPG?set_id=89040003C1'
2013-10-16 15:16:00.983 NEScollector[59855:2703] ERROR whitelist rejection: url='http://i.ebayimg.com/17/!!e!UVU!EWM~$(KGrHqZ,!hYE0fhM!K34BNP3K73OkQ~~_6.JPG?set_id=89040003C1'
2013-10-16 15:16:00.983 NEScollector[59855:2703] ERROR whitelist rejection: url='http://i.ebayimg.com/17/!!e!UVU!EWM~$(KGrHqZ,!hYE0fhM!K34BNP3K73OkQ~~_6.JPG?set_id=89040003C1'
2013-10-16 15:16:00.984 NEScollector[59855:2703] ERROR whitelist rejection: url='http://i.ebayimg.com/22/!!e!Tkng!2M~$(KGrHqUOKnQEz37H1e5mBNP17PnnZQ~~_6.JPG?set_id=89040003C1'
2013-10-16 15:16:00.984 NEScollector[59855:2703] ERROR whitelist rejection: url='http://i.ebayimg.com/22/!!e!Tkng!2M~$(KGrHqUOKnQEz37H1e5mBNP17PnnZQ~~_6.JPG?set_id=89040003C1'
2013-10-16 15:16:00.984 NEScollector[59855:2703] ERROR whitelist rejection: url='http://i.ebayimg.com/22/!!e!Tkng!2M~$(KGrHqUOKnQEz37H1e5mBNP17PnnZQ~~_6.JPG?set_id=89040003C1'
2013-10-16 15:18:19.475 NEScollector[60390:c07] Multi-tasking -> Device: YES, App: YES
2013-10-16 15:18:19.507 NEScollector[60390:c07] Resetting plugins due to page load.
2013-10-16 15:18:19.562 NEScollector[60390:c07] Finished load of: file:///Users/fjoffray/Library/Application%20Support/iPhone%20Simulator/6.1/Applications/6DBF3CFD-41F8-4275-8C3F-E59FDAD20310/NEScollector.app/www/index.html
2013-10-16 15:30:34.717 NEScollector[60390:2703] ERROR whitelist rejection: url='http://i.ebayimg.com/24/!!e!VZ3wEGM~$(KGrHqQOKj!E0,KjylPeBNP4Z(KKQQ~~_6.JPG?set_id=89040003C1'
2013-10-16 15:30:34.717 NEScollector[60390:2703] ERROR whitelist rejection: url='http://i.ebayimg.com/24/!!e!VZ3wEGM~$(KGrHqQOKj!E0,KjylPeBNP4Z(KKQQ~~_6.JPG?set_id=89040003C1'
2013-10-16 15:30:34.717 NEScollector[60390:2703] ERROR whitelist rejection: url='http://i.ebayimg.com/24/!!e!VZ3wEGM~$(KGrHqQOKj!E0,KjylPeBNP4Z(KKQQ~~_6.JPG?set_id=89040003C1'
2013-10-16 15:30:34.718 NEScollector[60390:2703] ERROR whitelist rejection: url='http://i.ebayimg.com/10/!!e!Tt3g!mM~$(KGrHqF,!isE0Fyk7uO(BNP2LOIKPg~~_6.JPG?set_id=89040003C1'
2013-10-16 15:30:34.718 NEScollector[60390:2703] ERROR whitelist rejection: url='http://i.ebayimg.com/10/!!e!Tt3g!mM~$(KGrHqF,!isE0Fyk7uO(BNP2LOIKPg~~_6.JPG?set_id=89040003C1'
2013-10-16 15:30:34.718 NEScollector[60390:2703] ERROR whitelist rejection: url='http://i.ebayimg.com/10/!!e!Tt3g!mM~$(KGrHqF,!isE0Fyk7uO(BNP2LOIKPg~~_6.JPG?set_id=89040003C1'
2013-10-16 15:30:34.719 NEScollector[60390:2703] ERROR whitelist rejection: url='http://i.ebayimg.com/03/!!e!UB2gBGM~$(KGrHqV,!g0E0eoM+HssBNP2v+hgLg~~_6.JPG?set_id=89040003C1'
2013-10-16 15:30:34.719 NEScollector[60390:2703] ERROR whitelist rejection: url='http://i.ebayimg.com/03/!!e!UB2gBGM~$(KGrHqV,!g0E0eoM+HssBNP2v+hgLg~~_6.JPG?set_id=89040003C1'
2013-10-16 15:30:34.720 NEScollector[60390:2703] ERROR whitelist rejection: url='http://i.ebayimg.com/03/!!e!UB2gBGM~$(KGrHqV,!g0E0eoM+HssBNP2v+hgLg~~_6.JPG?set_id=89040003C1'
2013-10-16 15:30:34.720 NEScollector[60390:2703] ERROR whitelist rejection: url='http://i.ebayimg.com/19/!!e!T-Y!BmM~$(KGrHqN,!jkE0C2Pdz7dBNP2pu7Um!~~_6.JPG?set_id=89040003C1'
2013-10-16 15:30:34.720 NEScollector[60390:2703] ERROR whitelist rejection: url='http://i.ebayimg.com/19/!!e!T-Y!BmM~$(KGrHqN,!jkE0C2Pdz7dBNP2pu7Um!~~_6.JPG?set_id=89040003C1'
2013-10-16 15:30:34.720 NEScollector[60390:2703] ERROR whitelist rejection: url='http://i.ebayimg.com/19/!!e!T-Y!BmM~$(KGrHqN,!jkE0C2Pdz7dBNP2pu7Um!~~_6.JPG?set_id=89040003C1'
2013-10-16 15:30:34.721 NEScollector[60390:2703] ERROR whitelist rejection: url='http://i.ebayimg.com/15/!!eB(e,gEWM~$(KGrHqV,!hEE0gg7CBHtBNQpZjQEjg~~_6.JPG?set_id=89040003C1'
2013-10-16 15:30:34.721 NEScollector[60390:2703] ERROR whitelist rejection: url='http://i.ebayimg.com/15/!!eB(e,gEWM~$(KGrHqV,!hEE0gg7CBHtBNQpZjQEjg~~_6.JPG?set_id=89040003C1'
2013-10-16 15:30:34.722 NEScollector[60390:2703] ERROR whitelist rejection: url='http://i.ebayimg.com/15/!!eB(e,gEWM~$(KGrHqV,!hEE0gg7CBHtBNQpZjQEjg~~_6.JPG?set_id=89040003C1'
2013-10-16 15:30:34.722 NEScollector[60390:2703] ERROR whitelist rejection: url='http://i.ebayimg.com/17/!!eB((GQCGM~$(KGrHqN,!jUE0C-NGyDFBNQpWEs1K!~~_6.JPG?set_id=89040003C1'
2013-10-16 15:30:34.723 NEScollector[60390:2703] ERROR whitelist rejection: url='http://i.ebayimg.com/17/!!eB((GQCGM~$(KGrHqN,!jUE0C-NGyDFBNQpWEs1K!~~_6.JPG?set_id=89040003C1'
2013-10-16 15:30:34.723 NEScollector[60390:2703] ERROR whitelist rejection: url='http://i.ebayimg.com/17/!!eB((GQCGM~$(KGrHqN,!jUE0C-NGyDFBNQpWEs1K!~~_6.JPG?set_id=89040003C1'
2013-10-16 15:30:34.723 NEScollector[60390:2703] ERROR whitelist rejection: url='http://i.ebayimg.com/08/!!e!TkogBGM~$(KGrHqUOKnIEz6TrDnSKBNP17ROTyw~~_6.JPG?set_id=89040003C1'
2013-10-16 15:30:34.724 NEScollector[60390:2703] ERROR whitelist rejection: url='http://i.ebayimg.com/08/!!e!TkogBGM~$(KGrHqUOKnIEz6TrDnSKBNP17ROTyw~~_6.JPG?set_id=89040003C1'
2013-10-16 15:30:34.724 NEScollector[60390:2703] ERROR whitelist rejection: url='http://i.ebayimg.com/08/!!e!TkogBGM~$(KGrHqUOKnIEz6TrDnSKBNP17ROTyw~~_6.JPG?set_id=89040003C1'
2013-10-16 15:30:34.724 NEScollector[60390:2703] ERROR whitelist rejection: url='http://i.ebayimg.com/24/!!e!UMEQ!mM~$(KGrHqJ,!lQEz+3tgWJ4BNP3!VlwPw~~_6.JPG?set_id=89040003C1'
2013-10-16 15:30:34.725 NEScollector[60390:2703] ERROR whitelist rejection: url='http://i.ebayimg.com/24/!!e!UMEQ!mM~$(KGrHqJ,!lQEz+3tgWJ4BNP3!VlwPw~~_6.JPG?set_id=89040003C1'
2013-10-16 15:30:34.725 NEScollector[60390:2703] ERROR whitelist rejection: url='http://i.ebayimg.com/24/!!e!UMEQ!mM~$(KGrHqJ,!lQEz+3tgWJ4BNP3!VlwPw~~_6.JPG?set_id=89040003C1'
2013-10-16 15:30:34.725 NEScollector[60390:2703] ERROR whitelist rejection: url='http://i.ebayimg.com/17/!!e!UVU!EWM~$(KGrHqZ,!hYE0fhM!K34BNP3K73OkQ~~_6.JPG?set_id=89040003C1'
2013-10-16 15:30:34.726 NEScollector[60390:2703] ERROR whitelist rejection: url='http://i.ebayimg.com/17/!!e!UVU!EWM~$(KGrHqZ,!hYE0fhM!K34BNP3K73OkQ~~_6.JPG?set_id=89040003C1'
2013-10-16 15:30:34.726 NEScollector[60390:2703] ERROR whitelist rejection: url='http://i.ebayimg.com/17/!!e!UVU!EWM~$(KGrHqZ,!hYE0fhM!K34BNP3K73OkQ~~_6.JPG?set_id=89040003C1'
2013-10-16 15:30:34.726 NEScollector[60390:2703] ERROR whitelist rejection: url='http://i.ebayimg.com/22/!!e!Tkng!2M~$(KGrHqUOKnQEz37H1e5mBNP17PnnZQ~~_6.JPG?set_id=89040003C1'
2013-10-16 15:30:34.726 NEScollector[60390:2703] ERROR whitelist rejection: url='http://i.ebayimg.com/22/!!e!Tkng!2M~$(KGrHqUOKnQEz37H1e5mBNP17PnnZQ~~_6.JPG?set_id=89040003C1'
2013-10-16 15:30:34.727 NEScollector[60390:2703] ERROR whitelist rejection: url='http://i.ebayimg.com/22/!!e!Tkng!2M~$(KGrHqUOKnQEz37H1e5mBNP17PnnZQ~~_6.JPG?set_id=89040003C1'
2013-10-16 15:31:05.806 NEScollector[60970:c07] Multi-tasking -> Device: YES, App: YES
2013-10-16 15:31:05.838 NEScollector[60970:c07] Resetting plugins due to page load.
2013-10-16 15:31:05.905 NEScollector[60970:c07] Finished load of: file:///Users/fjoffray/Library/Application%20Support/iPhone%20Simulator/6.1/Applications/6DBF3CFD-41F8-4275-8C3F-E59FDAD20310/NEScollector.app/www/index.html
2013-10-16 15:31:49.242 NEScollector[60970:2703] ERROR whitelist rejection: url='http://i.ebayimg.com/24/!!e!VZ3wEGM~$(KGrHqQOKj!E0,KjylPeBNP4Z(KKQQ~~_6.JPG?set_id=89040003C1'
2013-10-16 15:31:49.243 NEScollector[60970:2703] ERROR whitelist rejection: url='http://i.ebayimg.com/24/!!e!VZ3wEGM~$(KGrHqQOKj!E0,KjylPeBNP4Z(KKQQ~~_6.JPG?set_id=89040003C1'
2013-10-16 15:31:49.243 NEScollector[60970:2703] ERROR whitelist rejection: url='http://i.ebayimg.com/24/!!e!VZ3wEGM~$(KGrHqQOKj!E0,KjylPeBNP4Z(KKQQ~~_6.JPG?set_id=89040003C1'
2013-10-16 15:31:49.244 NEScollector[60970:2703] ERROR whitelist rejection: url='http://i.ebayimg.com/10/!!e!Tt3g!mM~$(KGrHqF,!isE0Fyk7uO(BNP2LOIKPg~~_6.JPG?set_id=89040003C1'
2013-10-16 15:31:49.244 NEScollector[60970:2703] ERROR whitelist rejection: url='http://i.ebayimg.com/10/!!e!Tt3g!mM~$(KGrHqF,!isE0Fyk7uO(BNP2LOIKPg~~_6.JPG?set_id=89040003C1'
2013-10-16 15:31:49.244 NEScollector[60970:2703] ERROR whitelist rejection: url='http://i.ebayimg.com/10/!!e!Tt3g!mM~$(KGrHqF,!isE0Fyk7uO(BNP2LOIKPg~~_6.JPG?set_id=89040003C1'
2013-10-16 15:31:49.245 NEScollector[60970:2703] ERROR whitelist rejection: url='http://i.ebayimg.com/03/!!e!UB2gBGM~$(KGrHqV,!g0E0eoM+HssBNP2v+hgLg~~_6.JPG?set_id=89040003C1'
2013-10-16 15:31:49.245 NEScollector[60970:2703] ERROR whitelist rejection: url='http://i.ebayimg.com/03/!!e!UB2gBGM~$(KGrHqV,!g0E0eoM+HssBNP2v+hgLg~~_6.JPG?set_id=89040003C1'
2013-10-16 15:31:49.245 NEScollector[60970:2703] ERROR whitelist rejection: url='http://i.ebayimg.com/03/!!e!UB2gBGM~$(KGrHqV,!g0E0eoM+HssBNP2v+hgLg~~_6.JPG?set_id=89040003C1'
2013-10-16 15:31:49.246 NEScollector[60970:2703] ERROR whitelist rejection: url='http://i.ebayimg.com/19/!!e!T-Y!BmM~$(KGrHqN,!jkE0C2Pdz7dBNP2pu7Um!~~_6.JPG?set_id=89040003C1'
2013-10-16 15:31:49.246 NEScollector[60970:2703] ERROR whitelist rejection: url='http://i.ebayimg.com/19/!!e!T-Y!BmM~$(KGrHqN,!jkE0C2Pdz7dBNP2pu7Um!~~_6.JPG?set_id=89040003C1'
2013-10-16 15:31:49.246 NEScollector[60970:2703] ERROR whitelist rejection: url='http://i.ebayimg.com/19/!!e!T-Y!BmM~$(KGrHqN,!jkE0C2Pdz7dBNP2pu7Um!~~_6.JPG?set_id=89040003C1'
2013-10-16 15:31:49.247 NEScollector[60970:2703] ERROR whitelist rejection: url='http://i.ebayimg.com/15/!!eB(e,gEWM~$(KGrHqV,!hEE0gg7CBHtBNQpZjQEjg~~_6.JPG?set_id=89040003C1'
2013-10-16 15:31:49.247 NEScollector[60970:2703] ERROR whitelist rejection: url='http://i.ebayimg.com/15/!!eB(e,gEWM~$(KGrHqV,!hEE0gg7CBHtBNQpZjQEjg~~_6.JPG?set_id=89040003C1'
2013-10-16 15:31:49.248 NEScollector[60970:2703] ERROR whitelist rejection: url='http://i.ebayimg.com/15/!!eB(e,gEWM~$(KGrHqV,!hEE0gg7CBHtBNQpZjQEjg~~_6.JPG?set_id=89040003C1'
2013-10-16 15:31:49.248 NEScollector[60970:2703] ERROR whitelist rejection: url='http://i.ebayimg.com/17/!!eB((GQCGM~$(KGrHqN,!jUE0C-NGyDFBNQpWEs1K!~~_6.JPG?set_id=89040003C1'
2013-10-16 15:31:49.249 NEScollector[60970:2703] ERROR whitelist rejection: url='http://i.ebayimg.com/17/!!eB((GQCGM~$(KGrHqN,!jUE0C-NGyDFBNQpWEs1K!~~_6.JPG?set_id=89040003C1'
2013-10-16 15:31:49.249 NEScollector[60970:2703] ERROR whitelist rejection: url='http://i.ebayimg.com/17/!!eB((GQCGM~$(KGrHqN,!jUE0C-NGyDFBNQpWEs1K!~~_6.JPG?set_id=89040003C1'
2013-10-16 15:31:49.249 NEScollector[60970:2703] ERROR whitelist rejection: url='http://i.ebayimg.com/08/!!e!TkogBGM~$(KGrHqUOKnIEz6TrDnSKBNP17ROTyw~~_6.JPG?set_id=89040003C1'
2013-10-16 15:31:49.249 NEScollector[60970:2703] ERROR whitelist rejection: url='http://i.ebayimg.com/08/!!e!TkogBGM~$(KGrHqUOKnIEz6TrDnSKBNP17ROTyw~~_6.JPG?set_id=89040003C1'
2013-10-16 15:31:49.250 NEScollector[60970:2703] ERROR whitelist rejection: url='http://i.ebayimg.com/08/!!e!TkogBGM~$(KGrHqUOKnIEz6TrDnSKBNP17ROTyw~~_6.JPG?set_id=89040003C1'
2013-10-16 15:31:49.250 NEScollector[60970:2703] ERROR whitelist rejection: url='http://i.ebayimg.com/24/!!e!UMEQ!mM~$(KGrHqJ,!lQEz+3tgWJ4BNP3!VlwPw~~_6.JPG?set_id=89040003C1'
2013-10-16 15:31:49.251 NEScollector[60970:2703] ERROR whitelist rejection: url='http://i.ebayimg.com/24/!!e!UMEQ!mM~$(KGrHqJ,!lQEz+3tgWJ4BNP3!VlwPw~~_6.JPG?set_id=89040003C1'
2013-10-16 15:31:49.251 NEScollector[60970:2703] ERROR whitelist rejection: url='http://i.ebayimg.com/24/!!e!UMEQ!mM~$(KGrHqJ,!lQEz+3tgWJ4BNP3!VlwPw~~_6.JPG?set_id=89040003C1'
2013-10-16 15:31:49.252 NEScollector[60970:2703] ERROR whitelist rejection: url='http://i.ebayimg.com/17/!!e!UVU!EWM~$(KGrHqZ,!hYE0fhM!K34BNP3K73OkQ~~_6.JPG?set_id=89040003C1'
2013-10-16 15:31:49.252 NEScollector[60970:2703] ERROR whitelist rejection: url='http://i.ebayimg.com/17/!!e!UVU!EWM~$(KGrHqZ,!hYE0fhM!K34BNP3K73OkQ~~_6.JPG?set_id=89040003C1'
2013-10-16 15:31:49.252 NEScollector[60970:2703] ERROR whitelist rejection: url='http://i.ebayimg.com/17/!!e!UVU!EWM~$(KGrHqZ,!hYE0fhM!K34BNP3K73OkQ~~_6.JPG?set_id=89040003C1'
2013-10-16 15:31:49.253 NEScollector[60970:2703] ERROR whitelist rejection: url='http://i.ebayimg.com/22/!!e!Tkng!2M~$(KGrHqUOKnQEz37H1e5mBNP17PnnZQ~~_6.JPG?set_id=89040003C1'
2013-10-16 15:31:49.253 NEScollector[60970:2703] ERROR whitelist rejection: url='http://i.ebayimg.com/22/!!e!Tkng!2M~$(KGrHqUOKnQEz37H1e5mBNP17PnnZQ~~_6.JPG?set_id=89040003C1'
2013-10-16 15:31:49.254 NEScollector[60970:2703] ERROR whitelist rejection: url='http://i.ebayimg.com/22/!!e!Tkng!2M~$(KGrHqUOKnQEz37H1e5mBNP17PnnZQ~~_6.JPG?set_id=89040003C1'
2013-10-16 15:32:18.748 NEScollector[61493:c07] Multi-tasking -> Device: YES, App: YES
2013-10-16 15:32:18.779 NEScollector[61493:c07] Resetting plugins due to page load.
2013-10-16 15:32:18.846 NEScollector[61493:c07] Finished load of: file:///Users/fjoffray/Library/Application%20Support/iPhone%20Simulator/6.1/Applications/6DBF3CFD-41F8-4275-8C3F-E59FDAD20310/NEScollector.app/www/index.html
2013-10-16 15:32:20.730 NEScollector[61493:2703] ERROR whitelist rejection: url='http://i.ebayimg.com/24/!!e!VZ3wEGM~$(KGrHqQOKj!E0,KjylPeBNP4Z(KKQQ~~_6.JPG?set_id=89040003C1'
2013-10-16 15:32:20.731 NEScollector[61493:2703] ERROR whitelist rejection: url='http://i.ebayimg.com/24/!!e!VZ3wEGM~$(KGrHqQOKj!E0,KjylPeBNP4Z(KKQQ~~_6.JPG?set_id=89040003C1'
2013-10-16 15:32:20.731 NEScollector[61493:2703] ERROR whitelist rejection: url='http://i.ebayimg.com/24/!!e!VZ3wEGM~$(KGrHqQOKj!E0,KjylPeBNP4Z(KKQQ~~_6.JPG?set_id=89040003C1'
2013-10-16 15:32:20.732 NEScollector[61493:2703] ERROR whitelist rejection: url='http://i.ebayimg.com/10/!!e!Tt3g!mM~$(KGrHqF,!isE0Fyk7uO(BNP2LOIKPg~~_6.JPG?set_id=89040003C1'
2013-10-16 15:32:20.732 NEScollector[61493:2703] ERROR whitelist rejection: url='http://i.ebayimg.com/10/!!e!Tt3g!mM~$(KGrHqF,!isE0Fyk7uO(BNP2LOIKPg~~_6.JPG?set_id=89040003C1'
2013-10-16 15:32:20.733 NEScollector[61493:2703] ERROR whitelist rejection: url='http://i.ebayimg.com/10/!!e!Tt3g!mM~$(KGrHqF,!isE0Fyk7uO(BNP2LOIKPg~~_6.JPG?set_id=89040003C1'
2013-10-16 15:32:20.733 NEScollector[61493:2703] ERROR whitelist rejection: url='http://i.ebayimg.com/03/!!e!UB2gBGM~$(KGrHqV,!g0E0eoM+HssBNP2v+hgLg~~_6.JPG?set_id=89040003C1'
2013-10-16 15:32:20.734 NEScollector[61493:2703] ERROR whitelist rejection: url='http://i.ebayimg.com/03/!!e!UB2gBGM~$(KGrHqV,!g0E0eoM+HssBNP2v+hgLg~~_6.JPG?set_id=89040003C1'
2013-10-16 15:32:20.734 NEScollector[61493:2703] ERROR whitelist rejection: url='http://i.ebayimg.com/03/!!e!UB2gBGM~$(KGrHqV,!g0E0eoM+HssBNP2v+hgLg~~_6.JPG?set_id=89040003C1'
2013-10-16 15:32:20.735 NEScollector[61493:2703] ERROR whitelist rejection: url='http://i.ebayimg.com/19/!!e!T-Y!BmM~$(KGrHqN,!jkE0C2Pdz7dBNP2pu7Um!~~_6.JPG?set_id=89040003C1'
2013-10-16 15:32:20.735 NEScollector[61493:2703] ERROR whitelist rejection: url='http://i.ebayimg.com/19/!!e!T-Y!BmM~$(KGrHqN,!jkE0C2Pdz7dBNP2pu7Um!~~_6.JPG?set_id=89040003C1'
2013-10-16 15:32:20.735 NEScollector[61493:2703] ERROR whitelist rejection: url='http://i.ebayimg.com/19/!!e!T-Y!BmM~$(KGrHqN,!jkE0C2Pdz7dBNP2pu7Um!~~_6.JPG?set_id=89040003C1'
2013-10-16 15:32:20.736 NEScollector[61493:2703] ERROR whitelist rejection: url='http://i.ebayimg.com/15/!!eB(e,gEWM~$(KGrHqV,!hEE0gg7CBHtBNQpZjQEjg~~_6.JPG?set_id=89040003C1'
2013-10-16 15:32:20.736 NEScollector[61493:2703] ERROR whitelist rejection: url='http://i.ebayimg.com/15/!!eB(e,gEWM~$(KGrHqV,!hEE0gg7CBHtBNQpZjQEjg~~_6.JPG?set_id=89040003C1'
2013-10-16 15:32:20.737 NEScollector[61493:2703] ERROR whitelist rejection: url='http://i.ebayimg.com/15/!!eB(e,gEWM~$(KGrHqV,!hEE0gg7CBHtBNQpZjQEjg~~_6.JPG?set_id=89040003C1'
2013-10-16 15:32:20.737 NEScollector[61493:2703] ERROR whitelist rejection: url='http://i.ebayimg.com/17/!!eB((GQCGM~$(KGrHqN,!jUE0C-NGyDFBNQpWEs1K!~~_6.JPG?set_id=89040003C1'
2013-10-16 15:32:20.738 NEScollector[61493:2703] ERROR whitelist rejection: url='http://i.ebayimg.com/17/!!eB((GQCGM~$(KGrHqN,!jUE0C-NGyDFBNQpWEs1K!~~_6.JPG?set_id=89040003C1'
2013-10-16 15:32:20.738 NEScollector[61493:2703] ERROR whitelist rejection: url='http://i.ebayimg.com/17/!!eB((GQCGM~$(KGrHqN,!jUE0C-NGyDFBNQpWEs1K!~~_6.JPG?set_id=89040003C1'
2013-10-16 15:32:20.738 NEScollector[61493:2703] ERROR whitelist rejection: url='http://i.ebayimg.com/08/!!e!TkogBGM~$(KGrHqUOKnIEz6TrDnSKBNP17ROTyw~~_6.JPG?set_id=89040003C1'
2013-10-16 15:32:20.739 NEScollector[61493:2703] ERROR whitelist rejection: url='http://i.ebayimg.com/08/!!e!TkogBGM~$(KGrHqUOKnIEz6TrDnSKBNP17ROTyw~~_6.JPG?set_id=89040003C1'
2013-10-16 15:32:20.739 NEScollector[61493:2703] ERROR whitelist rejection: url='http://i.ebayimg.com/08/!!e!TkogBGM~$(KGrHqUOKnIEz6TrDnSKBNP17ROTyw~~_6.JPG?set_id=89040003C1'
2013-10-16 15:32:20.740 NEScollector[61493:2703] ERROR whitelist rejection: url='http://i.ebayimg.com/24/!!e!UMEQ!mM~$(KGrHqJ,!lQEz+3tgWJ4BNP3!VlwPw~~_6.JPG?set_id=89040003C1'
2013-10-16 15:32:20.740 NEScollector[61493:2703] ERROR whitelist rejection: url='http://i.ebayimg.com/24/!!e!UMEQ!mM~$(KGrHqJ,!lQEz+3tgWJ4BNP3!VlwPw~~_6.JPG?set_id=89040003C1'
2013-10-16 15:32:20.740 NEScollector[61493:2703] ERROR whitelist rejection: url='http://i.ebayimg.com/24/!!e!UMEQ!mM~$(KGrHqJ,!lQEz+3tgWJ4BNP3!VlwPw~~_6.JPG?set_id=89040003C1'
2013-10-16 15:32:20.741 NEScollector[61493:2703] ERROR whitelist rejection: url='http://i.ebayimg.com/17/!!e!UVU!EWM~$(KGrHqZ,!hYE0fhM!K34BNP3K73OkQ~~_6.JPG?set_id=89040003C1'
2013-10-16 15:32:20.741 NEScollector[61493:2703] ERROR whitelist rejection: url='http://i.ebayimg.com/17/!!e!UVU!EWM~$(KGrHqZ,!hYE0fhM!K34BNP3K73OkQ~~_6.JPG?set_id=89040003C1'
2013-10-16 15:32:20.741 NEScollector[61493:2703] ERROR whitelist rejection: url='http://i.ebayimg.com/17/!!e!UVU!EWM~$(KGrHqZ,!hYE0fhM!K34BNP3K73OkQ~~_6.JPG?set_id=89040003C1'
2013-10-16 15:32:20.742 NEScollector[61493:2703] ERROR whitelist rejection: url='http://i.ebayimg.com/22/!!e!Tkng!2M~$(KGrHqUOKnQEz37H1e5mBNP17PnnZQ~~_6.JPG?set_id=89040003C1'
2013-10-16 15:32:20.742 NEScollector[61493:2703] ERROR whitelist rejection: url='http://i.ebayimg.com/22/!!e!Tkng!2M~$(KGrHqUOKnQEz37H1e5mBNP17PnnZQ~~_6.JPG?set_id=89040003C1'
2013-10-16 15:32:20.742 NEScollector[61493:2703] ERROR whitelist rejection: url='http://i.ebayimg.com/22/!!e!Tkng!2M~$(KGrHqUOKnQEz37H1e5mBNP17PnnZQ~~_6.JPG?set_id=89040003C1'
2013-10-16 15:33:24.337 NEScollector[62013:c07] Multi-tasking -> Device: YES, App: YES
2013-10-16 15:33:24.366 NEScollector[62013:c07] Resetting plugins due to page load.
2013-10-16 15:33:24.424 NEScollector[62013:c07] Finished load of: file:///Users/fjoffray/Library/Application%20Support/iPhone%20Simulator/6.1/Applications/6DBF3CFD-41F8-4275-8C3F-E59FDAD20310/NEScollector.app/www/index.html
2013-10-16 15:33:26.812 NEScollector[62013:2703] ERROR whitelist rejection: url='http://i.ebayimg.com/24/!!e!VZ3wEGM~$(KGrHqQOKj!E0,KjylPeBNP4Z(KKQQ~~_6.JPG?set_id=89040003C1'
2013-10-16 15:33:26.812 NEScollector[62013:2703] ERROR whitelist rejection: url='http://i.ebayimg.com/24/!!e!VZ3wEGM~$(KGrHqQOKj!E0,KjylPeBNP4Z(KKQQ~~_6.JPG?set_id=89040003C1'
2013-10-16 15:33:26.812 NEScollector[62013:2703] ERROR whitelist rejection: url='http://i.ebayimg.com/24/!!e!VZ3wEGM~$(KGrHqQOKj!E0,KjylPeBNP4Z(KKQQ~~_6.JPG?set_id=89040003C1'
2013-10-16 15:33:26.813 NEScollector[62013:2703] ERROR whitelist rejection: url='http://i.ebayimg.com/10/!!e!Tt3g!mM~$(KGrHqF,!isE0Fyk7uO(BNP2LOIKPg~~_6.JPG?set_id=89040003C1'
2013-10-16 15:33:26.813 NEScollector[62013:2703] ERROR whitelist rejection: url='http://i.ebayimg.com/10/!!e!Tt3g!mM~$(KGrHqF,!isE0Fyk7uO(BNP2LOIKPg~~_6.JPG?set_id=89040003C1'
2013-10-16 15:33:26.814 NEScollector[62013:2703] ERROR whitelist rejection: url='http://i.ebayimg.com/10/!!e!Tt3g!mM~$(KGrHqF,!isE0Fyk7uO(BNP2LOIKPg~~_6.JPG?set_id=89040003C1'
2013-10-16 15:33:26.814 NEScollector[62013:2703] ERROR whitelist rejection: url='http://i.ebayimg.com/03/!!e!UB2gBGM~$(KGrHqV,!g0E0eoM+HssBNP2v+hgLg~~_6.JPG?set_id=89040003C1'
2013-10-16 15:33:26.815 NEScollector[62013:2703] ERROR whitelist rejection: url='http://i.ebayimg.com/03/!!e!UB2gBGM~$(KGrHqV,!g0E0eoM+HssBNP2v+hgLg~~_6.JPG?set_id=89040003C1'
2013-10-16 15:33:26.815 NEScollector[62013:2703] ERROR whitelist rejection: url='http://i.ebayimg.com/03/!!e!UB2gBGM~$(KGrHqV,!g0E0eoM+HssBNP2v+hgLg~~_6.JPG?set_id=89040003C1'
2013-10-16 15:33:26.815 NEScollector[62013:2703] ERROR whitelist rejection: url='http://i.ebayimg.com/19/!!e!T-Y!BmM~$(KGrHqN,!jkE0C2Pdz7dBNP2pu7Um!~~_6.JPG?set_id=89040003C1'
2013-10-16 15:33:26.816 NEScollector[62013:2703] ERROR whitelist rejection: url='http://i.ebayimg.com/19/!!e!T-Y!BmM~$(KGrHqN,!jkE0C2Pdz7dBNP2pu7Um!~~_6.JPG?set_id=89040003C1'
2013-10-16 15:33:26.816 NEScollector[62013:2703] ERROR whitelist rejection: url='http://i.ebayimg.com/19/!!e!T-Y!BmM~$(KGrHqN,!jkE0C2Pdz7dBNP2pu7Um!~~_6.JPG?set_id=89040003C1'
2013-10-16 15:33:26.816 NEScollector[62013:2703] ERROR whitelist rejection: url='http://i.ebayimg.com/15/!!eB(e,gEWM~$(KGrHqV,!hEE0gg7CBHtBNQpZjQEjg~~_6.JPG?set_id=89040003C1'
2013-10-16 15:33:26.817 NEScollector[62013:2703] ERROR whitelist rejection: url='http://i.ebayimg.com/15/!!eB(e,gEWM~$(KGrHqV,!hEE0gg7CBHtBNQpZjQEjg~~_6.JPG?set_id=89040003C1'
2013-10-16 15:33:26.817 NEScollector[62013:2703] ERROR whitelist rejection: url='http://i.ebayimg.com/15/!!eB(e,gEWM~$(KGrHqV,!hEE0gg7CBHtBNQpZjQEjg~~_6.JPG?set_id=89040003C1'
2013-10-16 15:33:26.817 NEScollector[62013:2703] ERROR whitelist rejection: url='http://i.ebayimg.com/17/!!eB((GQCGM~$(KGrHqN,!jUE0C-NGyDFBNQpWEs1K!~~_6.JPG?set_id=89040003C1'
2013-10-16 15:33:26.818 NEScollector[62013:2703] ERROR whitelist rejection: url='http://i.ebayimg.com/17/!!eB((GQCGM~$(KGrHqN,!jUE0C-NGyDFBNQpWEs1K!~~_6.JPG?set_id=89040003C1'
2013-10-16 15:33:26.818 NEScollector[62013:2703] ERROR whitelist rejection: url='http://i.ebayimg.com/17/!!eB((GQCGM~$(KGrHqN,!jUE0C-NGyDFBNQpWEs1K!~~_6.JPG?set_id=89040003C1'
2013-10-16 15:33:26.819 NEScollector[62013:2703] ERROR whitelist rejection: url='http://i.ebayimg.com/08/!!e!TkogBGM~$(KGrHqUOKnIEz6TrDnSKBNP17ROTyw~~_6.JPG?set_id=89040003C1'
2013-10-16 15:33:26.819 NEScollector[62013:2703] ERROR whitelist rejection: url='http://i.ebayimg.com/08/!!e!TkogBGM~$(KGrHqUOKnIEz6TrDnSKBNP17ROTyw~~_6.JPG?set_id=89040003C1'
2013-10-16 15:33:26.819 NEScollector[62013:2703] ERROR whitelist rejection: url='http://i.ebayimg.com/08/!!e!TkogBGM~$(KGrHqUOKnIEz6TrDnSKBNP17ROTyw~~_6.JPG?set_id=89040003C1'
2013-10-16 15:33:26.820 NEScollector[62013:2703] ERROR whitelist rejection: url='http://i.ebayimg.com/24/!!e!UMEQ!mM~$(KGrHqJ,!lQEz+3tgWJ4BNP3!VlwPw~~_6.JPG?set_id=89040003C1'
2013-10-16 15:33:26.820 NEScollector[62013:2703] ERROR whitelist rejection: url='http://i.ebayimg.com/24/!!e!UMEQ!mM~$(KGrHqJ,!lQEz+3tgWJ4BNP3!VlwPw~~_6.JPG?set_id=89040003C1'
2013-10-16 15:33:26.820 NEScollector[62013:2703] ERROR whitelist rejection: url='http://i.ebayimg.com/24/!!e!UMEQ!mM~$(KGrHqJ,!lQEz+3tgWJ4BNP3!VlwPw~~_6.JPG?set_id=89040003C1'
2013-10-16 15:33:26.821 NEScollector[62013:2703] ERROR whitelist rejection: url='http://i.ebayimg.com/17/!!e!UVU!EWM~$(KGrHqZ,!hYE0fhM!K34BNP3K73OkQ~~_6.JPG?set_id=89040003C1'
2013-10-16 15:33:26.821 NEScollector[62013:2703] ERROR whitelist rejection: url='http://i.ebayimg.com/17/!!e!UVU!EWM~$(KGrHqZ,!hYE0fhM!K34BNP3K73OkQ~~_6.JPG?set_id=89040003C1'
2013-10-16 15:33:26.821 NEScollector[62013:2703] ERROR whitelist rejection: url='http://i.ebayimg.com/17/!!e!UVU!EWM~$(KGrHqZ,!hYE0fhM!K34BNP3K73OkQ~~_6.JPG?set_id=89040003C1'
2013-10-16 15:33:26.822 NEScollector[62013:2703] ERROR whitelist rejection: url='http://i.ebayimg.com/22/!!e!Tkng!2M~$(KGrHqUOKnQEz37H1e5mBNP17PnnZQ~~_6.JPG?set_id=89040003C1'
2013-10-16 15:33:26.822 NEScollector[62013:2703] ERROR whitelist rejection: url='http://i.ebayimg.com/22/!!e!Tkng!2M~$(KGrHqUOKnQEz37H1e5mBNP17PnnZQ~~_6.JPG?set_id=89040003C1'
2013-10-16 15:33:26.822 NEScollector[62013:2703] ERROR whitelist rejection: url='http://i.ebayimg.com/22/!!e!Tkng!2M~$(KGrHqUOKnQEz37H1e5mBNP17PnnZQ~~_6.JPG?set_id=89040003C1'
2013-10-16 15:35:35.251 NEScollector[62547:c07] Multi-tasking -> Device: YES, App: YES
2013-10-16 15:35:35.281 NEScollector[62547:c07] Resetting plugins due to page load.
2013-10-16 15:35:35.343 NEScollector[62547:c07] Finished load of: file:///Users/fjoffray/Library/Application%20Support/iPhone%20Simulator/6.1/Applications/6DBF3CFD-41F8-4275-8C3F-E59FDAD20310/NEScollector.app/www/index.html
2013-10-16 15:35:36.935 NEScollector[62547:2703] ERROR whitelist rejection: url='http://i.ebayimg.com/24/!!e!VZ3wEGM~$(KGrHqQOKj!E0,KjylPeBNP4Z(KKQQ~~_6.JPG?set_id=89040003C1'
2013-10-16 15:35:36.935 NEScollector[62547:2703] ERROR whitelist rejection: url='http://i.ebayimg.com/24/!!e!VZ3wEGM~$(KGrHqQOKj!E0,KjylPeBNP4Z(KKQQ~~_6.JPG?set_id=89040003C1'
2013-10-16 15:35:36.935 NEScollector[62547:2703] ERROR whitelist rejection: url='http://i.ebayimg.com/24/!!e!VZ3wEGM~$(KGrHqQOKj!E0,KjylPeBNP4Z(KKQQ~~_6.JPG?set_id=89040003C1'
2013-10-16 15:35:36.936 NEScollector[62547:2703] ERROR whitelist rejection: url='http://i.ebayimg.com/10/!!e!Tt3g!mM~$(KGrHqF,!isE0Fyk7uO(BNP2LOIKPg~~_6.JPG?set_id=89040003C1'
2013-10-16 15:35:36.936 NEScollector[62547:2703] ERROR whitelist rejection: url='http://i.ebayimg.com/10/!!e!Tt3g!mM~$(KGrHqF,!isE0Fyk7uO(BNP2LOIKPg~~_6.JPG?set_id=89040003C1'
2013-10-16 15:35:36.937 NEScollector[62547:2703] ERROR whitelist rejection: url='http://i.ebayimg.com/10/!!e!Tt3g!mM~$(KGrHqF,!isE0Fyk7uO(BNP2LOIKPg~~_6.JPG?set_id=89040003C1'
2013-10-16 15:35:36.937 NEScollector[62547:2703] ERROR whitelist rejection: url='http://i.ebayimg.com/03/!!e!UB2gBGM~$(KGrHqV,!g0E0eoM+HssBNP2v+hgLg~~_6.JPG?set_id=89040003C1'
2013-10-16 15:35:36.938 NEScollector[62547:2703] ERROR whitelist rejection: url='http://i.ebayimg.com/03/!!e!UB2gBGM~$(KGrHqV,!g0E0eoM+HssBNP2v+hgLg~~_6.JPG?set_id=89040003C1'
2013-10-16 15:35:36.938 NEScollector[62547:2703] ERROR whitelist rejection: url='http://i.ebayimg.com/03/!!e!UB2gBGM~$(KGrHqV,!g0E0eoM+HssBNP2v+hgLg~~_6.JPG?set_id=89040003C1'
2013-10-16 15:35:36.938 NEScollector[62547:2703] ERROR whitelist rejection: url='http://i.ebayimg.com/19/!!e!T-Y!BmM~$(KGrHqN,!jkE0C2Pdz7dBNP2pu7Um!~~_6.JPG?set_id=89040003C1'
2013-10-16 15:35:36.939 NEScollector[62547:2703] ERROR whitelist rejection: url='http://i.ebayimg.com/19/!!e!T-Y!BmM~$(KGrHqN,!jkE0C2Pdz7dBNP2pu7Um!~~_6.JPG?set_id=89040003C1'
2013-10-16 15:35:36.939 NEScollector[62547:2703] ERROR whitelist rejection: url='http://i.ebayimg.com/19/!!e!T-Y!BmM~$(KGrHqN,!jkE0C2Pdz7dBNP2pu7Um!~~_6.JPG?set_id=89040003C1'
2013-10-16 15:35:36.940 NEScollector[62547:2703] ERROR whitelist rejection: url='http://i.ebayimg.com/15/!!eB(e,gEWM~$(KGrHqV,!hEE0gg7CBHtBNQpZjQEjg~~_6.JPG?set_id=89040003C1'
2013-10-16 15:35:36.940 NEScollector[62547:2703] ERROR whitelist rejection: url='http://i.ebayimg.com/15/!!eB(e,gEWM~$(KGrHqV,!hEE0gg7CBHtBNQpZjQEjg~~_6.JPG?set_id=89040003C1'
2013-10-16 15:35:36.940 NEScollector[62547:2703] ERROR whitelist rejection: url='http://i.ebayimg.com/15/!!eB(e,gEWM~$(KGrHqV,!hEE0gg7CBHtBNQpZjQEjg~~_6.JPG?set_id=89040003C1'
2013-10-16 15:35:36.941 NEScollector[62547:2703] ERROR whitelist rejection: url='http://i.ebayimg.com/17/!!eB((GQCGM~$(KGrHqN,!jUE0C-NGyDFBNQpWEs1K!~~_6.JPG?set_id=89040003C1'
2013-10-16 15:35:36.941 NEScollector[62547:2703] ERROR whitelist rejection: url='http://i.ebayimg.com/17/!!eB((GQCGM~$(KGrHqN,!jUE0C-NGyDFBNQpWEs1K!~~_6.JPG?set_id=89040003C1'
2013-10-16 15:35:36.941 NEScollector[62547:2703] ERROR whitelist rejection: url='http://i.ebayimg.com/17/!!eB((GQCGM~$(KGrHqN,!jUE0C-NGyDFBNQpWEs1K!~~_6.JPG?set_id=89040003C1'
2013-10-16 15:35:36.942 NEScollector[62547:2703] ERROR whitelist rejection: url='http://i.ebayimg.com/08/!!e!TkogBGM~$(KGrHqUOKnIEz6TrDnSKBNP17ROTyw~~_6.JPG?set_id=89040003C1'
2013-10-16 15:35:36.942 NEScollector[62547:2703] ERROR whitelist rejection: url='http://i.ebayimg.com/08/!!e!TkogBGM~$(KGrHqUOKnIEz6TrDnSKBNP17ROTyw~~_6.JPG?set_id=89040003C1'
2013-10-16 15:35:36.942 NEScollector[62547:2703] ERROR whitelist rejection: url='http://i.ebayimg.com/08/!!e!TkogBGM~$(KGrHqUOKnIEz6TrDnSKBNP17ROTyw~~_6.JPG?set_id=89040003C1'
2013-10-16 15:35:36.943 NEScollector[62547:2703] ERROR whitelist rejection: url='http://i.ebayimg.com/24/!!e!UMEQ!mM~$(KGrHqJ,!lQEz+3tgWJ4BNP3!VlwPw~~_6.JPG?set_id=89040003C1'
2013-10-16 15:35:36.943 NEScollector[62547:2703] ERROR whitelist rejection: url='http://i.ebayimg.com/24/!!e!UMEQ!mM~$(KGrHqJ,!lQEz+3tgWJ4BNP3!VlwPw~~_6.JPG?set_id=89040003C1'
2013-10-16 15:35:36.943 NEScollector[62547:2703] ERROR whitelist rejection: url='http://i.ebayimg.com/24/!!e!UMEQ!mM~$(KGrHqJ,!lQEz+3tgWJ4BNP3!VlwPw~~_6.JPG?set_id=89040003C1'
2013-10-16 15:35:36.944 NEScollector[62547:2703] ERROR whitelist rejection: url='http://i.ebayimg.com/17/!!e!UVU!EWM~$(KGrHqZ,!hYE0fhM!K34BNP3K73OkQ~~_6.JPG?set_id=89040003C1'
2013-10-16 15:35:36.944 NEScollector[62547:2703] ERROR whitelist rejection: url='http://i.ebayimg.com/17/!!e!UVU!EWM~$(KGrHqZ,!hYE0fhM!K34BNP3K73OkQ~~_6.JPG?set_id=89040003C1'
2013-10-16 15:35:36.944 NEScollector[62547:2703] ERROR whitelist rejection: url='http://i.ebayimg.com/17/!!e!UVU!EWM~$(KGrHqZ,!hYE0fhM!K34BNP3K73OkQ~~_6.JPG?set_id=89040003C1'
2013-10-16 15:35:36.945 NEScollector[62547:2703] ERROR whitelist rejection: url='http://i.ebayimg.com/22/!!e!Tkng!2M~$(KGrHqUOKnQEz37H1e5mBNP17PnnZQ~~_6.JPG?set_id=89040003C1'
2013-10-16 15:35:36.945 NEScollector[62547:2703] ERROR whitelist rejection: url='http://i.ebayimg.com/22/!!e!Tkng!2M~$(KGrHqUOKnQEz37H1e5mBNP17PnnZQ~~_6.JPG?set_id=89040003C1'
2013-10-16 15:35:36.945 NEScollector[62547:2703] ERROR whitelist rejection: url='http://i.ebayimg.com/22/!!e!Tkng!2M~$(KGrHqUOKnQEz37H1e5mBNP17PnnZQ~~_6.JPG?set_id=89040003C1'
2013-10-16 15:36:53.910 NEScollector[63069:c07] Multi-tasking -> Device: YES, App: YES
2013-10-16 15:36:53.940 NEScollector[63069:c07] Resetting plugins due to page load.
2013-10-16 15:36:54.005 NEScollector[63069:c07] Finished load of: file:///Users/fjoffray/Library/Application%20Support/iPhone%20Simulator/6.1/Applications/6DBF3CFD-41F8-4275-8C3F-E59FDAD20310/NEScollector.app/www/index.html
2013-10-16 15:37:01.641 NEScollector[63069:2703] ERROR whitelist rejection: url='http://i.ebayimg.com/24/!!e!VZ3wEGM~$(KGrHqQOKj!E0,KjylPeBNP4Z(KKQQ~~_6.JPG?set_id=89040003C1'
2013-10-16 15:37:01.641 NEScollector[63069:2703] ERROR whitelist rejection: url='http://i.ebayimg.com/24/!!e!VZ3wEGM~$(KGrHqQOKj!E0,KjylPeBNP4Z(KKQQ~~_6.JPG?set_id=89040003C1'
2013-10-16 15:37:01.642 NEScollector[63069:2703] ERROR whitelist rejection: url='http://i.ebayimg.com/24/!!e!VZ3wEGM~$(KGrHqQOKj!E0,KjylPeBNP4Z(KKQQ~~_6.JPG?set_id=89040003C1'
2013-10-16 15:37:01.642 NEScollector[63069:2703] ERROR whitelist rejection: url='http://i.ebayimg.com/10/!!e!Tt3g!mM~$(KGrHqF,!isE0Fyk7uO(BNP2LOIKPg~~_6.JPG?set_id=89040003C1'
2013-10-16 15:37:01.643 NEScollector[63069:2703] ERROR whitelist rejection: url='http://i.ebayimg.com/10/!!e!Tt3g!mM~$(KGrHqF,!isE0Fyk7uO(BNP2LOIKPg~~_6.JPG?set_id=89040003C1'
2013-10-16 15:37:01.643 NEScollector[63069:2703] ERROR whitelist rejection: url='http://i.ebayimg.com/10/!!e!Tt3g!mM~$(KGrHqF,!isE0Fyk7uO(BNP2LOIKPg~~_6.JPG?set_id=89040003C1'
2013-10-16 15:37:01.643 NEScollector[63069:2703] ERROR whitelist rejection: url='http://i.ebayimg.com/03/!!e!UB2gBGM~$(KGrHqV,!g0E0eoM+HssBNP2v+hgLg~~_6.JPG?set_id=89040003C1'
2013-10-16 15:37:01.643 NEScollector[63069:2703] ERROR whitelist rejection: url='http://i.ebayimg.com/03/!!e!UB2gBGM~$(KGrHqV,!g0E0eoM+HssBNP2v+hgLg~~_6.JPG?set_id=89040003C1'
2013-10-16 15:37:01.644 NEScollector[63069:2703] ERROR whitelist rejection: url='http://i.ebayimg.com/03/!!e!UB2gBGM~$(KGrHqV,!g0E0eoM+HssBNP2v+hgLg~~_6.JPG?set_id=89040003C1'
2013-10-16 15:37:01.644 NEScollector[63069:2703] ERROR whitelist rejection: url='http://i.ebayimg.com/19/!!e!T-Y!BmM~$(KGrHqN,!jkE0C2Pdz7dBNP2pu7Um!~~_6.JPG?set_id=89040003C1'
2013-10-16 15:37:01.644 NEScollector[63069:2703] ERROR whitelist rejection: url='http://i.ebayimg.com/19/!!e!T-Y!BmM~$(KGrHqN,!jkE0C2Pdz7dBNP2pu7Um!~~_6.JPG?set_id=89040003C1'
2013-10-16 15:37:01.645 NEScollector[63069:2703] ERROR whitelist rejection: url='http://i.ebayimg.com/19/!!e!T-Y!BmM~$(KGrHqN,!jkE0C2Pdz7dBNP2pu7Um!~~_6.JPG?set_id=89040003C1'
2013-10-16 15:37:01.645 NEScollector[63069:2703] ERROR whitelist rejection: url='http://i.ebayimg.com/15/!!eB(e,gEWM~$(KGrHqV,!hEE0gg7CBHtBNQpZjQEjg~~_6.JPG?set_id=89040003C1'
2013-10-16 15:37:01.645 NEScollector[63069:2703] ERROR whitelist rejection: url='http://i.ebayimg.com/15/!!eB(e,gEWM~$(KGrHqV,!hEE0gg7CBHtBNQpZjQEjg~~_6.JPG?set_id=89040003C1'
2013-10-16 15:37:01.645 NEScollector[63069:2703] ERROR whitelist rejection: url='http://i.ebayimg.com/15/!!eB(e,gEWM~$(KGrHqV,!hEE0gg7CBHtBNQpZjQEjg~~_6.JPG?set_id=89040003C1'
2013-10-16 15:37:01.646 NEScollector[63069:2703] ERROR whitelist rejection: url='http://i.ebayimg.com/17/!!eB((GQCGM~$(KGrHqN,!jUE0C-NGyDFBNQpWEs1K!~~_6.JPG?set_id=89040003C1'
2013-10-16 15:37:01.646 NEScollector[63069:2703] ERROR whitelist rejection: url='http://i.ebayimg.com/17/!!eB((GQCGM~$(KGrHqN,!jUE0C-NGyDFBNQpWEs1K!~~_6.JPG?set_id=89040003C1'
2013-10-16 15:37:01.646 NEScollector[63069:2703] ERROR whitelist rejection: url='http://i.ebayimg.com/17/!!eB((GQCGM~$(KGrHqN,!jUE0C-NGyDFBNQpWEs1K!~~_6.JPG?set_id=89040003C1'
2013-10-16 15:37:01.647 NEScollector[63069:2703] ERROR whitelist rejection: url='http://i.ebayimg.com/08/!!e!TkogBGM~$(KGrHqUOKnIEz6TrDnSKBNP17ROTyw~~_6.JPG?set_id=89040003C1'
2013-10-16 15:37:01.647 NEScollector[63069:2703] ERROR whitelist rejection: url='http://i.ebayimg.com/08/!!e!TkogBGM~$(KGrHqUOKnIEz6TrDnSKBNP17ROTyw~~_6.JPG?set_id=89040003C1'
2013-10-16 15:37:01.647 NEScollector[63069:2703] ERROR whitelist rejection: url='http://i.ebayimg.com/08/!!e!TkogBGM~$(KGrHqUOKnIEz6TrDnSKBNP17ROTyw~~_6.JPG?set_id=89040003C1'
2013-10-16 15:37:01.648 NEScollector[63069:2703] ERROR whitelist rejection: url='http://i.ebayimg.com/24/!!e!UMEQ!mM~$(KGrHqJ,!lQEz+3tgWJ4BNP3!VlwPw~~_6.JPG?set_id=89040003C1'
2013-10-16 15:37:01.648 NEScollector[63069:2703] ERROR whitelist rejection: url='http://i.ebayimg.com/24/!!e!UMEQ!mM~$(KGrHqJ,!lQEz+3tgWJ4BNP3!VlwPw~~_6.JPG?set_id=89040003C1'
2013-10-16 15:37:01.648 NEScollector[63069:2703] ERROR whitelist rejection: url='http://i.ebayimg.com/24/!!e!UMEQ!mM~$(KGrHqJ,!lQEz+3tgWJ4BNP3!VlwPw~~_6.JPG?set_id=89040003C1'
2013-10-16 15:37:01.649 NEScollector[63069:2703] ERROR whitelist rejection: url='http://i.ebayimg.com/17/!!e!UVU!EWM~$(KGrHqZ,!hYE0fhM!K34BNP3K73OkQ~~_6.JPG?set_id=89040003C1'
2013-10-16 15:37:01.649 NEScollector[63069:2703] ERROR whitelist rejection: url='http://i.ebayimg.com/17/!!e!UVU!EWM~$(KGrHqZ,!hYE0fhM!K34BNP3K73OkQ~~_6.JPG?set_id=89040003C1'
2013-10-16 15:37:01.649 NEScollector[63069:2703] ERROR whitelist rejection: url='http://i.ebayimg.com/17/!!e!UVU!EWM~$(KGrHqZ,!hYE0fhM!K34BNP3K73OkQ~~_6.JPG?set_id=89040003C1'
2013-10-16 15:37:01.650 NEScollector[63069:2703] ERROR whitelist rejection: url='http://i.ebayimg.com/22/!!e!Tkng!2M~$(KGrHqUOKnQEz37H1e5mBNP17PnnZQ~~_6.JPG?set_id=89040003C1'
2013-10-16 15:37:01.650 NEScollector[63069:2703] ERROR whitelist rejection: url='http://i.ebayimg.com/22/!!e!Tkng!2M~$(KGrHqUOKnQEz37H1e5mBNP17PnnZQ~~_6.JPG?set_id=89040003C1'
2013-10-16 15:37:01.650 NEScollector[63069:2703] ERROR whitelist rejection: url='http://i.ebayimg.com/22/!!e!Tkng!2M~$(KGrHqUOKnQEz37H1e5mBNP17PnnZQ~~_6.JPG?set_id=89040003C1'
2013-10-16 15:38:04.233 NEScollector[63598:c07] Multi-tasking -> Device: YES, App: YES
2013-10-16 15:38:04.268 NEScollector[63598:c07] Resetting plugins due to page load.
2013-10-16 15:38:04.325 NEScollector[63598:c07] Finished load of: file:///Users/fjoffray/Library/Application%20Support/iPhone%20Simulator/6.1/Applications/6DBF3CFD-41F8-4275-8C3F-E59FDAD20310/NEScollector.app/www/index.html
2013-10-16 15:38:05.937 NEScollector[63598:2703] ERROR whitelist rejection: url='http://i.ebayimg.com/03/!!e!UB2gBGM~$(KGrHqV,!g0E0eoM+HssBNP2v+hgLg~~_6.JPG?set_id=89040003C1'
2013-10-16 15:38:05.938 NEScollector[63598:2703] ERROR whitelist rejection: url='http://i.ebayimg.com/03/!!e!UB2gBGM~$(KGrHqV,!g0E0eoM+HssBNP2v+hgLg~~_6.JPG?set_id=89040003C1'
2013-10-16 15:38:05.938 NEScollector[63598:2703] ERROR whitelist rejection: url='http://i.ebayimg.com/03/!!e!UB2gBGM~$(KGrHqV,!g0E0eoM+HssBNP2v+hgLg~~_6.JPG?set_id=89040003C1'
2013-10-16 15:38:05.938 NEScollector[63598:2703] ERROR whitelist rejection: url='http://i.ebayimg.com/22/!!e!Tkng!2M~$(KGrHqUOKnQEz37H1e5mBNP17PnnZQ~~_6.JPG?set_id=89040003C1'
2013-10-16 15:38:05.939 NEScollector[63598:2703] ERROR whitelist rejection: url='http://i.ebayimg.com/22/!!e!Tkng!2M~$(KGrHqUOKnQEz37H1e5mBNP17PnnZQ~~_6.JPG?set_id=89040003C1'
2013-10-16 15:38:05.939 NEScollector[63598:2703] ERROR whitelist rejection: url='http://i.ebayimg.com/22/!!e!Tkng!2M~$(KGrHqUOKnQEz37H1e5mBNP17PnnZQ~~_6.JPG?set_id=89040003C1'
2013-10-16 15:38:05.939 NEScollector[63598:2703] ERROR whitelist rejection: url='http://i.ebayimg.com/19/!!e!T-Y!BmM~$(KGrHqN,!jkE0C2Pdz7dBNP2pu7Um!~~_6.JPG?set_id=89040003C1'
2013-10-16 15:38:05.939 NEScollector[63598:2703] ERROR whitelist rejection: url='http://i.ebayimg.com/19/!!e!T-Y!BmM~$(KGrHqN,!jkE0C2Pdz7dBNP2pu7Um!~~_6.JPG?set_id=89040003C1'
2013-10-16 15:38:05.940 NEScollector[63598:2703] ERROR whitelist rejection: url='http://i.ebayimg.com/19/!!e!T-Y!BmM~$(KGrHqN,!jkE0C2Pdz7dBNP2pu7Um!~~_6.JPG?set_id=89040003C1'
2013-10-16 15:38:05.940 NEScollector[63598:2703] ERROR whitelist rejection: url='http://i.ebayimg.com/17/!!e!UVU!EWM~$(KGrHqZ,!hYE0fhM!K34BNP3K73OkQ~~_6.JPG?set_id=89040003C1'
2013-10-16 15:38:05.940 NEScollector[63598:2703] ERROR whitelist rejection: url='http://i.ebayimg.com/17/!!e!UVU!EWM~$(KGrHqZ,!hYE0fhM!K34BNP3K73OkQ~~_6.JPG?set_id=89040003C1'
2013-10-16 15:38:05.941 NEScollector[63598:2703] ERROR whitelist rejection: url='http://i.ebayimg.com/17/!!e!UVU!EWM~$(KGrHqZ,!hYE0fhM!K34BNP3K73OkQ~~_6.JPG?set_id=89040003C1'
2013-10-16 15:38:05.941 NEScollector[63598:2703] ERROR whitelist rejection: url='http://i.ebayimg.com/24/!!e!VZ3wEGM~$(KGrHqQOKj!E0,KjylPeBNP4Z(KKQQ~~_6.JPG?set_id=89040003C1'
2013-10-16 15:38:05.941 NEScollector[63598:2703] ERROR whitelist rejection: url='http://i.ebayimg.com/24/!!e!VZ3wEGM~$(KGrHqQOKj!E0,KjylPeBNP4Z(KKQQ~~_6.JPG?set_id=89040003C1'
2013-10-16 15:38:05.942 NEScollector[63598:2703] ERROR whitelist rejection: url='http://i.ebayimg.com/24/!!e!VZ3wEGM~$(KGrHqQOKj!E0,KjylPeBNP4Z(KKQQ~~_6.JPG?set_id=89040003C1'
2013-10-16 15:38:05.942 NEScollector[63598:2703] ERROR whitelist rejection: url='http://i.ebayimg.com/15/!!eB(e,gEWM~$(KGrHqV,!hEE0gg7CBHtBNQpZjQEjg~~_6.JPG?set_id=89040003C1'
2013-10-16 15:38:05.942 NEScollector[63598:2703] ERROR whitelist rejection: url='http://i.ebayimg.com/15/!!eB(e,gEWM~$(KGrHqV,!hEE0gg7CBHtBNQpZjQEjg~~_6.JPG?set_id=89040003C1'
2013-10-16 15:38:05.943 NEScollector[63598:2703] ERROR whitelist rejection: url='http://i.ebayimg.com/15/!!eB(e,gEWM~$(KGrHqV,!hEE0gg7CBHtBNQpZjQEjg~~_6.JPG?set_id=89040003C1'
2013-10-16 15:38:05.943 NEScollector[63598:2703] ERROR whitelist rejection: url='http://i.ebayimg.com/24/!!e!UMEQ!mM~$(KGrHqJ,!lQEz+3tgWJ4BNP3!VlwPw~~_6.JPG?set_id=89040003C1'
2013-10-16 15:38:05.943 NEScollector[63598:2703] ERROR whitelist rejection: url='http://i.ebayimg.com/24/!!e!UMEQ!mM~$(KGrHqJ,!lQEz+3tgWJ4BNP3!VlwPw~~_6.JPG?set_id=89040003C1'
2013-10-16 15:38:05.944 NEScollector[63598:2703] ERROR whitelist rejection: url='http://i.ebayimg.com/24/!!e!UMEQ!mM~$(KGrHqJ,!lQEz+3tgWJ4BNP3!VlwPw~~_6.JPG?set_id=89040003C1'
2013-10-16 15:38:05.944 NEScollector[63598:2703] ERROR whitelist rejection: url='http://i.ebayimg.com/10/!!e!Tt3g!mM~$(KGrHqF,!isE0Fyk7uO(BNP2LOIKPg~~_6.JPG?set_id=89040003C1'
2013-10-16 15:38:05.944 NEScollector[63598:2703] ERROR whitelist rejection: url='http://i.ebayimg.com/10/!!e!Tt3g!mM~$(KGrHqF,!isE0Fyk7uO(BNP2LOIKPg~~_6.JPG?set_id=89040003C1'
2013-10-16 15:38:05.945 NEScollector[63598:2703] ERROR whitelist rejection: url='http://i.ebayimg.com/10/!!e!Tt3g!mM~$(KGrHqF,!isE0Fyk7uO(BNP2LOIKPg~~_6.JPG?set_id=89040003C1'
2013-10-16 15:38:05.945 NEScollector[63598:2703] ERROR whitelist rejection: url='http://i.ebayimg.com/08/!!e!TkogBGM~$(KGrHqUOKnIEz6TrDnSKBNP17ROTyw~~_6.JPG?set_id=89040003C1'
2013-10-16 15:38:05.945 NEScollector[63598:2703] ERROR whitelist rejection: url='http://i.ebayimg.com/08/!!e!TkogBGM~$(KGrHqUOKnIEz6TrDnSKBNP17ROTyw~~_6.JPG?set_id=89040003C1'
2013-10-16 15:38:05.946 NEScollector[63598:2703] ERROR whitelist rejection: url='http://i.ebayimg.com/08/!!e!TkogBGM~$(KGrHqUOKnIEz6TrDnSKBNP17ROTyw~~_6.JPG?set_id=89040003C1'
2013-10-16 15:38:05.946 NEScollector[63598:2703] ERROR whitelist rejection: url='http://i.ebayimg.com/17/!!eB((GQCGM~$(KGrHqN,!jUE0C-NGyDFBNQpWEs1K!~~_6.JPG?set_id=89040003C1'
2013-10-16 15:38:05.946 NEScollector[63598:2703] ERROR whitelist rejection: url='http://i.ebayimg.com/17/!!eB((GQCGM~$(KGrHqN,!jUE0C-NGyDFBNQpWEs1K!~~_6.JPG?set_id=89040003C1'
2013-10-16 15:38:05.946 NEScollector[63598:2703] ERROR whitelist rejection: url='http://i.ebayimg.com/17/!!eB((GQCGM~$(KGrHqN,!jUE0C-NGyDFBNQpWEs1K!~~_6.JPG?set_id=89040003C1'
2013-10-16 15:38:13.534 NEScollector[63598:2703] ERROR whitelist rejection: url='http://i.ebayimg.com/24/!!e!VZ3wEGM~$(KGrHqQOKj!E0,KjylPeBNP4Z(KKQQ~~_6.JPG?set_id=89040003C1'
2013-10-16 15:38:13.535 NEScollector[63598:2703] ERROR whitelist rejection: url='http://i.ebayimg.com/24/!!e!VZ3wEGM~$(KGrHqQOKj!E0,KjylPeBNP4Z(KKQQ~~_6.JPG?set_id=89040003C1'
2013-10-16 15:38:13.535 NEScollector[63598:2703] ERROR whitelist rejection: url='http://i.ebayimg.com/24/!!e!VZ3wEGM~$(KGrHqQOKj!E0,KjylPeBNP4Z(KKQQ~~_6.JPG?set_id=89040003C1'
2013-10-16 15:38:13.535 NEScollector[63598:2703] ERROR whitelist rejection: url='http://i.ebayimg.com/10/!!e!Tt3g!mM~$(KGrHqF,!isE0Fyk7uO(BNP2LOIKPg~~_6.JPG?set_id=89040003C1'
2013-10-16 15:38:13.535 NEScollector[63598:2703] ERROR whitelist rejection: url='http://i.ebayimg.com/10/!!e!Tt3g!mM~$(KGrHqF,!isE0Fyk7uO(BNP2LOIKPg~~_6.JPG?set_id=89040003C1'
2013-10-16 15:38:13.536 NEScollector[63598:2703] ERROR whitelist rejection: url='http://i.ebayimg.com/10/!!e!Tt3g!mM~$(KGrHqF,!isE0Fyk7uO(BNP2LOIKPg~~_6.JPG?set_id=89040003C1'
2013-10-16 15:38:13.536 NEScollector[63598:2703] ERROR whitelist rejection: url='http://i.ebayimg.com/03/!!e!UB2gBGM~$(KGrHqV,!g0E0eoM+HssBNP2v+hgLg~~_6.JPG?set_id=89040003C1'
2013-10-16 15:38:13.536 NEScollector[63598:2703] ERROR whitelist rejection: url='http://i.ebayimg.com/03/!!e!UB2gBGM~$(KGrHqV,!g0E0eoM+HssBNP2v+hgLg~~_6.JPG?set_id=89040003C1'
2013-10-16 15:38:13.537 NEScollector[63598:2703] ERROR whitelist rejection: url='http://i.ebayimg.com/03/!!e!UB2gBGM~$(KGrHqV,!g0E0eoM+HssBNP2v+hgLg~~_6.JPG?set_id=89040003C1'
2013-10-16 15:38:13.537 NEScollector[63598:2703] ERROR whitelist rejection: url='http://i.ebayimg.com/19/!!e!T-Y!BmM~$(KGrHqN,!jkE0C2Pdz7dBNP2pu7Um!~~_6.JPG?set_id=89040003C1'
2013-10-16 15:38:13.537 NEScollector[63598:2703] ERROR whitelist rejection: url='http://i.ebayimg.com/19/!!e!T-Y!BmM~$(KGrHqN,!jkE0C2Pdz7dBNP2pu7Um!~~_6.JPG?set_id=89040003C1'
2013-10-16 15:38:13.537 NEScollector[63598:2703] ERROR whitelist rejection: url='http://i.ebayimg.com/19/!!e!T-Y!BmM~$(KGrHqN,!jkE0C2Pdz7dBNP2pu7Um!~~_6.JPG?set_id=89040003C1'
2013-10-16 15:38:13.538 NEScollector[63598:2703] ERROR whitelist rejection: url='http://i.ebayimg.com/15/!!eB(e,gEWM~$(KGrHqV,!hEE0gg7CBHtBNQpZjQEjg~~_6.JPG?set_id=89040003C1'
2013-10-16 15:38:13.538 NEScollector[63598:2703] ERROR whitelist rejection: url='http://i.ebayimg.com/15/!!eB(e,gEWM~$(KGrHqV,!hEE0gg7CBHtBNQpZjQEjg~~_6.JPG?set_id=89040003C1'
2013-10-16 15:38:13.538 NEScollector[63598:2703] ERROR whitelist rejection: url='http://i.ebayimg.com/15/!!eB(e,gEWM~$(KGrHqV,!hEE0gg7CBHtBNQpZjQEjg~~_6.JPG?set_id=89040003C1'
2013-10-16 15:38:13.539 NEScollector[63598:2703] ERROR whitelist rejection: url='http://i.ebayimg.com/17/!!eB((GQCGM~$(KGrHqN,!jUE0C-NGyDFBNQpWEs1K!~~_6.JPG?set_id=89040003C1'
2013-10-16 15:38:13.539 NEScollector[63598:2703] ERROR whitelist rejection: url='http://i.ebayimg.com/17/!!eB((GQCGM~$(KGrHqN,!jUE0C-NGyDFBNQpWEs1K!~~_6.JPG?set_id=89040003C1'
2013-10-16 15:38:13.539 NEScollector[63598:2703] ERROR whitelist rejection: url='http://i.ebayimg.com/17/!!eB((GQCGM~$(KGrHqN,!jUE0C-NGyDFBNQpWEs1K!~~_6.JPG?set_id=89040003C1'
2013-10-16 15:38:13.540 NEScollector[63598:2703] ERROR whitelist rejection: url='http://i.ebayimg.com/08/!!e!TkogBGM~$(KGrHqUOKnIEz6TrDnSKBNP17ROTyw~~_6.JPG?set_id=89040003C1'
2013-10-16 15:38:13.540 NEScollector[63598:2703] ERROR whitelist rejection: url='http://i.ebayimg.com/08/!!e!TkogBGM~$(KGrHqUOKnIEz6TrDnSKBNP17ROTyw~~_6.JPG?set_id=89040003C1'
2013-10-16 15:38:13.540 NEScollector[63598:2703] ERROR whitelist rejection: url='http://i.ebayimg.com/08/!!e!TkogBGM~$(KGrHqUOKnIEz6TrDnSKBNP17ROTyw~~_6.JPG?set_id=89040003C1'
2013-10-16 15:38:13.541 NEScollector[63598:2703] ERROR whitelist rejection: url='http://i.ebayimg.com/24/!!e!UMEQ!mM~$(KGrHqJ,!lQEz+3tgWJ4BNP3!VlwPw~~_6.JPG?set_id=89040003C1'
2013-10-16 15:38:13.541 NEScollector[63598:2703] ERROR whitelist rejection: url='http://i.ebayimg.com/24/!!e!UMEQ!mM~$(KGrHqJ,!lQEz+3tgWJ4BNP3!VlwPw~~_6.JPG?set_id=89040003C1'
2013-10-16 15:38:13.541 NEScollector[63598:2703] ERROR whitelist rejection: url='http://i.ebayimg.com/24/!!e!UMEQ!mM~$(KGrHqJ,!lQEz+3tgWJ4BNP3!VlwPw~~_6.JPG?set_id=89040003C1'
2013-10-16 15:38:13.542 NEScollector[63598:2703] ERROR whitelist rejection: url='http://i.ebayimg.com/17/!!e!UVU!EWM~$(KGrHqZ,!hYE0fhM!K34BNP3K73OkQ~~_6.JPG?set_id=89040003C1'
2013-10-16 15:38:13.542 NEScollector[63598:2703] ERROR whitelist rejection: url='http://i.ebayimg.com/17/!!e!UVU!EWM~$(KGrHqZ,!hYE0fhM!K34BNP3K73OkQ~~_6.JPG?set_id=89040003C1'
2013-10-16 15:38:13.542 NEScollector[63598:2703] ERROR whitelist rejection: url='http://i.ebayimg.com/17/!!e!UVU!EWM~$(KGrHqZ,!hYE0fhM!K34BNP3K73OkQ~~_6.JPG?set_id=89040003C1'
2013-10-16 15:38:13.543 NEScollector[63598:2703] ERROR whitelist rejection: url='http://i.ebayimg.com/22/!!e!Tkng!2M~$(KGrHqUOKnQEz37H1e5mBNP17PnnZQ~~_6.JPG?set_id=89040003C1'
2013-10-16 15:38:13.543 NEScollector[63598:2703] ERROR whitelist rejection: url='http://i.ebayimg.com/22/!!e!Tkng!2M~$(KGrHqUOKnQEz37H1e5mBNP17PnnZQ~~_6.JPG?set_id=89040003C1'
2013-10-16 15:38:13.543 NEScollector[63598:2703] ERROR whitelist rejection: url='http://i.ebayimg.com/22/!!e!Tkng!2M~$(KGrHqUOKnQEz37H1e5mBNP17PnnZQ~~_6.JPG?set_id=89040003C1'
2013-10-16 15:38:13.630 NEScollector[63598:2703] ERROR whitelist rejection: url='http://i.ebayimg.com/02/!!eBWYGw!WM~$(KGrHqR,!joE0Du4sfM8BNQo)!qN2g~~_6.JPG?set_id=89040003C1'
2013-10-16 15:38:13.630 NEScollector[63598:2703] ERROR whitelist rejection: url='http://i.ebayimg.com/02/!!eBWYGw!WM~$(KGrHqR,!joE0Du4sfM8BNQo)!qN2g~~_6.JPG?set_id=89040003C1'
2013-10-16 15:38:13.631 NEScollector[63598:2703] ERROR whitelist rejection: url='http://i.ebayimg.com/02/!!eBWYGw!WM~$(KGrHqR,!joE0Du4sfM8BNQo)!qN2g~~_6.JPG?set_id=89040003C1'
2013-10-16 15:38:13.631 NEScollector[63598:2703] ERROR whitelist rejection: url='http://i.ebayimg.com/04/!!e!Tt(g!WM~$(KGrHqQOKo0E0flOvQubBNP2K((,Sg~~_6.JPG?set_id=89040003C1'
2013-10-16 15:38:13.631 NEScollector[63598:2703] ERROR whitelist rejection: url='http://i.ebayimg.com/04/!!e!Tt(g!WM~$(KGrHqQOKo0E0flOvQubBNP2K((,Sg~~_6.JPG?set_id=89040003C1'
2013-10-16 15:38:13.632 NEScollector[63598:2703] ERROR whitelist rejection: url='http://i.ebayimg.com/04/!!e!Tt(g!WM~$(KGrHqQOKo0E0flOvQubBNP2K((,Sg~~_6.JPG?set_id=89040003C1'
2013-10-16 15:38:13.632 NEScollector[63598:2703] ERROR whitelist rejection: url='http://i.ebayimg.com/00/$(KGrHqV,!k0E1F5(CY!3BNc5FgcRw!~~_6.JPG?set_id=89040003C1'
2013-10-16 15:38:13.632 NEScollector[63598:2703] ERROR whitelist rejection: url='http://i.ebayimg.com/00/$(KGrHqV,!k0E1F5(CY!3BNc5FgcRw!~~_6.JPG?set_id=89040003C1'
2013-10-16 15:38:13.633 NEScollector[63598:2703] ERROR whitelist rejection: url='http://i.ebayimg.com/00/$(KGrHqV,!k0E1F5(CY!3BNc5FgcRw!~~_6.JPG?set_id=89040003C1'
2013-10-16 15:38:13.633 NEScollector[63598:2703] ERROR whitelist rejection: url='http://i.ebayimg.com/08/!!e!VIR!CGM~$(KGrHqN,!jkE0C2Pdz7dBNP4GPeli!~~_6.JPG?set_id=89040003C1'
2013-10-16 15:38:13.634 NEScollector[63598:2703] ERROR whitelist rejection: url='http://i.ebayimg.com/08/!!e!VIR!CGM~$(KGrHqN,!jkE0C2Pdz7dBNP4GPeli!~~_6.JPG?set_id=89040003C1'
2013-10-16 15:38:13.634 NEScollector[63598:2703] ERROR whitelist rejection: url='http://i.ebayimg.com/08/!!e!VIR!CGM~$(KGrHqN,!jkE0C2Pdz7dBNP4GPeli!~~_6.JPG?set_id=89040003C1'
2013-10-16 15:38:13.634 NEScollector[63598:2703] ERROR whitelist rejection: url='http://i.ebayimg.com/17/!!e!VWjQ!2M~$(KGrHqN,!l8Ez+3F6)4VBNP4UjKYZQ~~_6.JPG?set_id=89040003C1'
2013-10-16 15:38:13.635 NEScollector[63598:2703] ERROR whitelist rejection: url='http://i.ebayimg.com/17/!!e!VWjQ!2M~$(KGrHqN,!l8Ez+3F6)4VBNP4UjKYZQ~~_6.JPG?set_id=89040003C1'
2013-10-16 15:38:13.635 NEScollector[63598:2703] ERROR whitelist rejection: url='http://i.ebayimg.com/17/!!e!VWjQ!2M~$(KGrHqN,!l8Ez+3F6)4VBNP4UjKYZQ~~_6.JPG?set_id=89040003C1'
2013-10-16 15:38:13.635 NEScollector[63598:2703] ERROR whitelist rejection: url='http://i.ebayimg.com/10/!!e!T8y!!mM~$(KGrHqEOKjUE0l-80uH3BNP2m0jL,Q~~_6.JPG?set_id=89040003C1'
2013-10-16 15:38:13.636 NEScollector[63598:2703] ERROR whitelist rejection: url='http://i.ebayimg.com/10/!!e!T8y!!mM~$(KGrHqEOKjUE0l-80uH3BNP2m0jL,Q~~_6.JPG?set_id=89040003C1'
2013-10-16 15:38:13.636 NEScollector[63598:2703] ERROR whitelist rejection: url='http://i.ebayimg.com/10/!!e!T8y!!mM~$(KGrHqEOKjUE0l-80uH3BNP2m0jL,Q~~_6.JPG?set_id=89040003C1'
2013-10-16 15:38:13.636 NEScollector[63598:2703] ERROR whitelist rejection: url='http://i.ebayimg.com/06/!!e!VB2QBWM~$(KGrHqMOKm4Ez69cU2HtBNP3+u33T!~~_6.JPG?set_id=89040003C1'
2013-10-16 15:38:13.636 NEScollector[63598:2703] ERROR whitelist rejection: url='http://i.ebayimg.com/06/!!e!VB2QBWM~$(KGrHqMOKm4Ez69cU2HtBNP3+u33T!~~_6.JPG?set_id=89040003C1'
2013-10-16 15:38:13.637 NEScollector[63598:2703] ERROR whitelist rejection: url='http://i.ebayimg.com/06/!!e!VB2QBWM~$(KGrHqMOKm4Ez69cU2HtBNP3+u33T!~~_6.JPG?set_id=89040003C1'
2013-10-16 15:38:13.637 NEScollector[63598:2703] ERROR whitelist rejection: url='http://i.ebayimg.com/22/!!e!VFCgB2M~$(KGrHqF,!hsE0FYse5uDBNP4DCJh5Q~~_6.JPG?set_id=89040003C1'
2013-10-16 15:38:13.637 NEScollector[63598:2703] ERROR whitelist rejection: url='http://i.ebayimg.com/22/!!e!VFCgB2M~$(KGrHqF,!hsE0FYse5uDBNP4DCJh5Q~~_6.JPG?set_id=89040003C1'
2013-10-16 15:38:13.638 NEScollector[63598:2703] ERROR whitelist rejection: url='http://i.ebayimg.com/22/!!e!VFCgB2M~$(KGrHqF,!hsE0FYse5uDBNP4DCJh5Q~~_6.JPG?set_id=89040003C1'
2013-10-16 15:38:16.885 NEScollector[63598:2703] ERROR whitelist rejection: url='http://i.ebayimg.com/02/!!eBWYGw!WM~$(KGrHqR,!joE0Du4sfM8BNQo)!qN2g~~_6.JPG?set_id=89040003C1'
2013-10-16 15:38:16.886 NEScollector[63598:2703] ERROR whitelist rejection: url='http://i.ebayimg.com/02/!!eBWYGw!WM~$(KGrHqR,!joE0Du4sfM8BNQo)!qN2g~~_6.JPG?set_id=89040003C1'
2013-10-16 15:38:16.886 NEScollector[63598:2703] ERROR whitelist rejection: url='http://i.ebayimg.com/02/!!eBWYGw!WM~$(KGrHqR,!joE0Du4sfM8BNQo)!qN2g~~_6.JPG?set_id=89040003C1'
2013-10-16 15:38:16.886 NEScollector[63598:2703] ERROR whitelist rejection: url='http://i.ebayimg.com/04/!!e!Tt(g!WM~$(KGrHqQOKo0E0flOvQubBNP2K((,Sg~~_6.JPG?set_id=89040003C1'
2013-10-16 15:38:16.887 NEScollector[63598:2703] ERROR whitelist rejection: url='http://i.ebayimg.com/04/!!e!Tt(g!WM~$(KGrHqQOKo0E0flOvQubBNP2K((,Sg~~_6.JPG?set_id=89040003C1'
2013-10-16 15:38:16.887 NEScollector[63598:2703] ERROR whitelist rejection: url='http://i.ebayimg.com/04/!!e!Tt(g!WM~$(KGrHqQOKo0E0flOvQubBNP2K((,Sg~~_6.JPG?set_id=89040003C1'
2013-10-16 15:38:16.887 NEScollector[63598:2703] ERROR whitelist rejection: url='http://i.ebayimg.com/00/$(KGrHqV,!k0E1F5(CY!3BNc5FgcRw!~~_6.JPG?set_id=89040003C1'
2013-10-16 15:38:16.888 NEScollector[63598:2703] ERROR whitelist rejection: url='http://i.ebayimg.com/00/$(KGrHqV,!k0E1F5(CY!3BNc5FgcRw!~~_6.JPG?set_id=89040003C1'
2013-10-16 15:38:16.888 NEScollector[63598:2703] ERROR whitelist rejection: url='http://i.ebayimg.com/00/$(KGrHqV,!k0E1F5(CY!3BNc5FgcRw!~~_6.JPG?set_id=89040003C1'
2013-10-16 15:38:16.888 NEScollector[63598:2703] ERROR whitelist rejection: url='http://i.ebayimg.com/08/!!e!VIR!CGM~$(KGrHqN,!jkE0C2Pdz7dBNP4GPeli!~~_6.JPG?set_id=89040003C1'
2013-10-16 15:38:16.888 NEScollector[63598:2703] ERROR whitelist rejection: url='http://i.ebayimg.com/08/!!e!VIR!CGM~$(KGrHqN,!jkE0C2Pdz7dBNP4GPeli!~~_6.JPG?set_id=89040003C1'
2013-10-16 15:38:16.889 NEScollector[63598:2703] ERROR whitelist rejection: url='http://i.ebayimg.com/08/!!e!VIR!CGM~$(KGrHqN,!jkE0C2Pdz7dBNP4GPeli!~~_6.JPG?set_id=89040003C1'
2013-10-16 15:38:16.889 NEScollector[63598:2703] ERROR whitelist rejection: url='http://i.ebayimg.com/17/!!e!VWjQ!2M~$(KGrHqN,!l8Ez+3F6)4VBNP4UjKYZQ~~_6.JPG?set_id=89040003C1'
2013-10-16 15:38:16.889 NEScollector[63598:2703] ERROR whitelist rejection: url='http://i.ebayimg.com/17/!!e!VWjQ!2M~$(KGrHqN,!l8Ez+3F6)4VBNP4UjKYZQ~~_6.JPG?set_id=89040003C1'
2013-10-16 15:38:16.890 NEScollector[63598:2703] ERROR whitelist rejection: url='http://i.ebayimg.com/17/!!e!VWjQ!2M~$(KGrHqN,!l8Ez+3F6)4VBNP4UjKYZQ~~_6.JPG?set_id=89040003C1'
2013-10-16 15:38:16.890 NEScollector[63598:2703] ERROR whitelist rejection: url='http://i.ebayimg.com/10/!!e!T8y!!mM~$(KGrHqEOKjUE0l-80uH3BNP2m0jL,Q~~_6.JPG?set_id=89040003C1'
2013-10-16 15:38:16.890 NEScollector[63598:2703] ERROR whitelist rejection: url='http://i.ebayimg.com/10/!!e!T8y!!mM~$(KGrHqEOKjUE0l-80uH3BNP2m0jL,Q~~_6.JPG?set_id=89040003C1'
2013-10-16 15:38:16.891 NEScollector[63598:2703] ERROR whitelist rejection: url='http://i.ebayimg.com/10/!!e!T8y!!mM~$(KGrHqEOKjUE0l-80uH3BNP2m0jL,Q~~_6.JPG?set_id=89040003C1'
2013-10-16 15:38:16.891 NEScollector[63598:2703] ERROR whitelist rejection: url='http://i.ebayimg.com/06/!!e!VB2QBWM~$(KGrHqMOKm4Ez69cU2HtBNP3+u33T!~~_6.JPG?set_id=89040003C1'
2013-10-16 15:38:16.891 NEScollector[63598:2703] ERROR whitelist rejection: url='http://i.ebayimg.com/06/!!e!VB2QBWM~$(KGrHqMOKm4Ez69cU2HtBNP3+u33T!~~_6.JPG?set_id=89040003C1'
2013-10-16 15:38:16.892 NEScollector[63598:2703] ERROR whitelist rejection: url='http://i.ebayimg.com/06/!!e!VB2QBWM~$(KGrHqMOKm4Ez69cU2HtBNP3+u33T!~~_6.JPG?set_id=89040003C1'
2013-10-16 15:38:16.892 NEScollector[63598:2703] ERROR whitelist rejection: url='http://i.ebayimg.com/22/!!e!VFCgB2M~$(KGrHqF,!hsE0FYse5uDBNP4DCJh5Q~~_6.JPG?set_id=89040003C1'
2013-10-16 15:38:16.892 NEScollector[63598:2703] ERROR whitelist rejection: url='http://i.ebayimg.com/22/!!e!VFCgB2M~$(KGrHqF,!hsE0FYse5uDBNP4DCJh5Q~~_6.JPG?set_id=89040003C1'
2013-10-16 15:38:16.893 NEScollector[63598:2703] ERROR whitelist rejection: url='http://i.ebayimg.com/22/!!e!VFCgB2M~$(KGrHqF,!hsE0FYse5uDBNP4DCJh5Q~~_6.JPG?set_id=89040003C1'
2013-10-16 15:41:24.072 NEScollector[64148:c07] Multi-tasking -> Device: YES, App: YES
2013-10-16 15:41:24.078 NEScollector[64148:c07] Unlimited access to network resources
2013-10-16 15:41:24.103 NEScollector[64148:c07] Resetting plugins due to page load.
2013-10-16 15:41:24.158 NEScollector[64148:c07] Finished load of: file:///Users/fjoffray/Library/Application%20Support/iPhone%20Simulator/6.1/Applications/6DBF3CFD-41F8-4275-8C3F-E59FDAD20310/NEScollector.app/www/index.html
2013-10-16 15:44:44.579 NEScollector[64687:c07] Multi-tasking -> Device: YES, App: YES
2013-10-16 15:44:44.585 NEScollector[64687:c07] Unlimited access to network resources
2013-10-16 15:44:44.610 NEScollector[64687:c07] Resetting plugins due to page load.
2013-10-16 15:44:44.674 NEScollector[64687:c07] Finished load of: file:///Users/fjoffray/Library/Application%20Support/iPhone%20Simulator/6.1/Applications/6DBF3CFD-41F8-4275-8C3F-E59FDAD20310/NEScollector.app/www/index.html
2013-10-16 15:54:24.266 NEScollector[65276:c07] Multi-tasking -> Device: YES, App: YES
2013-10-16 15:54:24.272 NEScollector[65276:c07] Unlimited access to network resources
2013-10-16 15:54:24.300 NEScollector[65276:c07] Resetting plugins due to page load.
2013-10-16 15:54:24.370 NEScollector[65276:c07] Finished load of: file:///Users/fjoffray/Library/Application%20Support/iPhone%20Simulator/6.1/Applications/6DBF3CFD-41F8-4275-8C3F-E59FDAD20310/NEScollector.app/www/index.html
2013-10-16 15:59:21.902 NEScollector[65832:c07] Multi-tasking -> Device: YES, App: YES
2013-10-16 15:59:21.908 NEScollector[65832:c07] Unlimited access to network resources
2013-10-16 15:59:21.933 NEScollector[65832:c07] Resetting plugins due to page load.
2013-10-16 15:59:21.995 NEScollector[65832:c07] Finished load of: file:///Users/fjoffray/Library/Application%20Support/iPhone%20Simulator/6.1/Applications/6DBF3CFD-41F8-4275-8C3F-E59FDAD20310/NEScollector.app/www/index.html
2013-10-16 16:18:14.753 NEScollector[66651:c07] Multi-tasking -> Device: YES, App: YES
2013-10-16 16:18:14.758 NEScollector[66651:c07] Unlimited access to network resources
2013-10-16 16:18:14.785 NEScollector[66651:c07] Resetting plugins due to page load.
2013-10-16 16:18:14.845 NEScollector[66651:c07] Finished load of: file:///Users/fjoffray/Library/Application%20Support/iPhone%20Simulator/6.1/Applications/6DBF3CFD-41F8-4275-8C3F-E59FDAD20310/NEScollector.app/www/index.html
2013-10-16 16:28:22.063 NEScollector[67215:c07] Multi-tasking -> Device: YES, App: YES
2013-10-16 16:28:22.068 NEScollector[67215:c07] Unlimited access to network resources
2013-10-16 16:28:22.094 NEScollector[67215:c07] Resetting plugins due to page load.
2013-10-16 16:28:22.151 NEScollector[67215:c07] Finished load of: file:///Users/fjoffray/Library/Application%20Support/iPhone%20Simulator/6.1/Applications/6DBF3CFD-41F8-4275-8C3F-E59FDAD20310/NEScollector.app/www/index.html
2013-10-16 17:32:25.820 NEScollector[68097:c07] Multi-tasking -> Device: YES, App: YES
2013-10-16 17:32:25.826 NEScollector[68097:c07] Unlimited access to network resources
2013-10-16 17:32:25.855 NEScollector[68097:c07] Resetting plugins due to page load.
2013-10-16 17:32:25.935 NEScollector[68097:c07] Finished load of: file:///Users/fjoffray/Library/Application%20Support/iPhone%20Simulator/6.1/Applications/6DBF3CFD-41F8-4275-8C3F-E59FDAD20310/NEScollector.app/www/index.html
2013-10-16 21:09:43.203 NEScollector[69019:c07] Multi-tasking -> Device: YES, App: YES
2013-10-16 21:09:43.223 NEScollector[69019:c07] Unlimited access to network resources
2013-10-16 21:09:43.389 NEScollector[69019:c07] Resetting plugins due to page load.
2013-10-16 21:09:43.519 NEScollector[69019:c07] Finished load of: file:///Users/fjoffray/Library/Application%20Support/iPhone%20Simulator/6.1/Applications/6DBF3CFD-41F8-4275-8C3F-E59FDAD20310/NEScollector.app/www/index.html
Terminating in response to SpringBoard's termination.
2013-10-16 21:10:20.694 NEScollector[69620:c07] Multi-tasking -> Device: YES, App: YES
2013-10-16 21:10:20.699 NEScollector[69620:c07] Unlimited access to network resources
2013-10-16 21:10:20.727 NEScollector[69620:c07] Resetting plugins due to page load.
2013-10-16 21:10:20.800 NEScollector[69620:c07] Finished load of: file:///Users/fjoffray/Library/Application%20Support/iPhone%20Simulator/6.1/Applications/6DBF3CFD-41F8-4275-8C3F-E59FDAD20310/NEScollector.app/www/index.html
2013-10-17 11:28:34.715 NEScollector[72186:c07] Multi-tasking -> Device: YES, App: YES
2013-10-17 11:28:34.721 NEScollector[72186:c07] Unlimited access to network resources
2013-10-17 11:28:34.763 NEScollector[72186:c07] Resetting plugins due to page load.
2013-10-17 11:28:34.847 NEScollector[72186:c07] Finished load of: file:///Users/fjoffray/Library/Application%20Support/iPhone%20Simulator/6.1/Applications/6DBF3CFD-41F8-4275-8C3F-E59FDAD20310/NEScollector.app/www/index.html
2013-10-23 10:31:00.046 NEScollector[1489:c07] Multi-tasking -> Device: YES, App: YES
2013-10-23 10:31:00.070 NEScollector[1489:c07] Unlimited access to network resources
2013-10-23 10:31:00.279 NEScollector[1489:c07] Resetting plugins due to page load.
2013-10-23 10:31:00.406 NEScollector[1489:c07] Finished load of: file:///Users/fjoffray/Library/Application%20Support/iPhone%20Simulator/6.1/Applications/6DBF3CFD-41F8-4275-8C3F-E59FDAD20310/NEScollector.app/www/index.html
